Information,9/24/2024 2:06:27 PM,Microsoft-Windows-Security-Auditing,4689,Process Termination,"A process has exited.

Subject:
	Security ID:		SYSTEM
	Account Name:		EC2AMAZ-0TD157D$
	Account Domain:		WORKGROUP
	Logon ID:		0x3E7

Process Information:
	Process ID:	0x13b8
	Process Name:	C:\Windows\Microsoft.NET\Framework\v4.0.30319\mscorsvw.exe
	Exit Status:	0x0"
Information,9/24/2024 2:06:26 PM,Microsoft-Windows-Security-Auditing,4689,Process Termination,"A process has exited.

Subject:
	Security ID:		SYSTEM
	Account Name:		EC2AMAZ-0TD157D$
	Account Domain:		WORKGROUP
	Logon ID:		0x3E7

Process Information:
	Process ID:	0x18d8
	Process Name:	C:\Windows\Microsoft.NET\Framework\v4.0.30319\mscorsvw.exe
	Exit Status:	0x0"
Information,9/24/2024 2:06:27 PM,Microsoft-Windows-Security-Auditing,4689,Process Termination,"A process has exited.

Subject:
	Security ID:		SYSTEM
	Account Name:		EC2AMAZ-0TD157D$
	Account Domain:		WORKGROUP
	Logon ID:		0x3E7

Process Information:
	Process ID:	0x107c
	Process Name:	C:\Windows\Microsoft.NET\Framework\v4.0.30319\mscorsvw.exe
	Exit Status:	0x0"
Information,9/24/2024 2:06:26 PM,Microsoft-Windows-Security-Auditing,4689,Process Termination,"A process has exited.

Subject:
	Security ID:		SYSTEM
	Account Name:		EC2AMAZ-0TD157D$
	Account Domain:		WORKGROUP
	Logon ID:		0x3E7

Process Information:
	Process ID:	0xc50
	Process Name:	C:\Windows\Microsoft.NET\Framework\v4.0.30319\mscorsvw.exe
	Exit Status:	0x0"
Information,9/24/2024 2:06:26 PM,Microsoft-Windows-Security-Auditing,4689,Process Termination,"A process has exited.

Subject:
	Security ID:		SYSTEM
	Account Name:		EC2AMAZ-0TD157D$
	Account Domain:		WORKGROUP
	Logon ID:		0x3E7

Process Information:
	Process ID:	0x954
	Process Name:	C:\Windows\Microsoft.NET\Framework\v4.0.30319\mscorsvw.exe
	Exit Status:	0x0"
Information,9/24/2024 2:06:26 PM,Microsoft-Windows-Security-Auditing,4689,Process Termination,"A process has exited.

Subject:
	Security ID:		SYSTEM
	Account Name:		EC2AMAZ-0TD157D$
	Account Domain:		WORKGROUP
	Logon ID:		0x3E7

Process Information:
	Process ID:	0x1970
	Process Name:	C:\Windows\Microsoft.NET\Framework\v4.0.30319\mscorsvw.exe
	Exit Status:	0x0"
Information,9/24/2024 2:06:26 PM,Microsoft-Windows-Security-Auditing,4689,Process Termination,"A process has exited.

Subject:
	Security ID:		SYSTEM
	Account Name:		EC2AMAZ-0TD157D$
	Account Domain:		WORKGROUP
	Logon ID:		0x3E7

Process Information:
	Process ID:	0x1a38
	Process Name:	C:\Windows\Microsoft.NET\Framework\v4.0.30319\mscorsvw.exe
	Exit Status:	0x0"
Information,9/24/2024 2:06:28 PM,Microsoft-Windows-Security-Auditing,4689,Process Termination,"A process has exited.

Subject:
	Security ID:		SYSTEM
	Account Name:		EC2AMAZ-0TD157D$
	Account Domain:		WORKGROUP
	Logon ID:		0x3E7

Process Information:
	Process ID:	0x1194
	Process Name:	C:\Windows\Microsoft.NET\Framework\v4.0.30319\mscorsvw.exe
	Exit Status:	0x0"
Information,9/24/2024 2:06:26 PM,Microsoft-Windows-Security-Auditing,4689,Process Termination,"A process has exited.

Subject:
	Security ID:		SYSTEM
	Account Name:		EC2AMAZ-0TD157D$
	Account Domain:		WORKGROUP
	Logon ID:		0x3E7

Process Information:
	Process ID:	0x1118
	Process Name:	C:\Windows\Microsoft.NET\Framework\v4.0.30319\mscorsvw.exe
	Exit Status:	0x0"
Information,9/24/2024 2:12:01 PM,Microsoft-Windows-Security-Auditing,4732,Security Group Management,"A member was added to a security-enabled local group.

Subject:
	Security ID:		SYSTEM
	Account Name:		EC2AMAZ-0TD157D$
	Account Domain:		WORKGROUP
	Logon ID:		0x3E7

Member:
	Security ID:		S-1-5-21-3792037069-2078677046-3387239386-1003
	Account Name:		-

Group:
	Security ID:		BUILTIN\Administrators
	Group Name:		Administrators
	Group Domain:		Builtin

Additional Information:
	Privileges:		-"
Information,9/24/2024 2:11:53 PM,Microsoft-Windows-Security-Auditing,4728,Security Group Management,"A member was added to a security-enabled global group.

Subject:
	Security ID:		SYSTEM
	Account Name:		EC2AMAZ-0TD157D$
	Account Domain:		WORKGROUP
	Logon ID:		0x3E7

Member:
	Security ID:		S-1-5-21-3792037069-2078677046-3387239386-1003
	Account Name:		-

Group:
	Security ID:		S-1-5-21-3792037069-2078677046-3387239386-513
	Group Name:		None
	Group Domain:		EC2AMAZ-0TD157D

Additional Information:
	Privileges:		-"
Information,9/24/2024 2:11:53 PM,Microsoft-Windows-Security-Auditing,4732,Security Group Management,"A member was added to a security-enabled local group.

Subject:
	Security ID:		SYSTEM
	Account Name:		EC2AMAZ-0TD157D$
	Account Domain:		WORKGROUP
	Logon ID:		0x3E7

Member:
	Security ID:		S-1-5-21-3792037069-2078677046-3387239386-1003
	Account Name:		-

Group:
	Security ID:		BUILTIN\Users
	Group Name:		Users
	Group Domain:		Builtin

Additional Information:
	Privileges:		-"
Information,9/24/2024 2:08:18 PM,Microsoft-Windows-Security-Auditing,4672,Special Logon,"Special privileges assigned to new logon.

Subject:
	Security ID:		S-1-5-21-3792037069-2078677046-3387239386-1000
	Account Name:		Jsmith
	Account Domain:		EC2AMAZ-0TD157D
	Logon ID:		0x7C641F

Privileges:		SeSecurityPrivilege
			SeBackupPrivilege
			SeRestorePrivilege
			SeTakeOwnershipPrivilege
			SeDebugPrivilege
			SeSystemEnvironmentPrivilege
			SeLoadDriverPrivilege
			SeImpersonatePrivilege
			SeDelegateSessionUserImpersonatePrivilege"
Information,9/24/2024 2:11:18 PM,Microsoft-Windows-Security-Auditing,4672,Special Logon,"Special privileges assigned to new logon.

Subject:
	Security ID:		S-1-5-21-3792037069-2078677046-3387239386-1000
	Account Name:		Jsmith
	Account Domain:		EC2AMAZ-0TD157D
	Logon ID:		0x8791DA

Privileges:		SeSecurityPrivilege
			SeBackupPrivilege
			SeRestorePrivilege
			SeTakeOwnershipPrivilege
			SeDebugPrivilege
			SeSystemEnvironmentPrivilege
			SeLoadDriverPrivilege
			SeImpersonatePrivilege
			SeDelegateSessionUserImpersonatePrivilege"
Information,9/24/2024 2:11:18 PM,Microsoft-Windows-Security-Auditing,4672,Special Logon,"Special privileges assigned to new logon.

Subject:
	Security ID:		S-1-5-21-3792037069-2078677046-3387239386-1000
	Account Name:		Jsmith
	Account Domain:		EC2AMAZ-0TD157D
	Logon ID:		0x8792DA

Privileges:		SeSecurityPrivilege
			SeBackupPrivilege
			SeRestorePrivilege
			SeTakeOwnershipPrivilege
			SeDebugPrivilege
			SeSystemEnvironmentPrivilege
			SeLoadDriverPrivilege
			SeImpersonatePrivilege
			SeDelegateSessionUserImpersonatePrivilege"
Information,9/24/2024 2:08:52 PM,Microsoft-Windows-Security-Auditing,4672,Special Logon,"Special privileges assigned to new logon.

Subject:
	Security ID:		SYSTEM
	Account Name:		SYSTEM
	Account Domain:		NT AUTHORITY
	Logon ID:		0x3E7

Privileges:		SeAssignPrimaryTokenPrivilege
			SeTcbPrivilege
			SeSecurityPrivilege
			SeTakeOwnershipPrivilege
			SeLoadDriverPrivilege
			SeBackupPrivilege
			SeRestorePrivilege
			SeDebugPrivilege
			SeAuditPrivilege
			SeSystemEnvironmentPrivilege
			SeImpersonatePrivilege
			SeDelegateSessionUserImpersonatePrivilege"
Information,9/24/2024 2:07:10 PM,Microsoft-Windows-Security-Auditing,4672,Special Logon,"Special privileges assigned to new logon.

Subject:
	Security ID:		S-1-5-21-3792037069-2078677046-3387239386-1000
	Account Name:		Jsmith
	Account Domain:		EC2AMAZ-0TD157D
	Logon ID:		0x78BB92

Privileges:		SeSecurityPrivilege
			SeBackupPrivilege
			SeRestorePrivilege
			SeTakeOwnershipPrivilege
			SeDebugPrivilege
			SeSystemEnvironmentPrivilege
			SeLoadDriverPrivilege
			SeImpersonatePrivilege
			SeDelegateSessionUserImpersonatePrivilege"
Information,9/24/2024 2:08:18 PM,Microsoft-Windows-Security-Auditing,4672,Special Logon,"Special privileges assigned to new logon.

Subject:
	Security ID:		S-1-5-21-3792037069-2078677046-3387239386-1000
	Account Name:		Jsmith
	Account Domain:		EC2AMAZ-0TD157D
	Logon ID:		0x7C65BA

Privileges:		SeSecurityPrivilege
			SeBackupPrivilege
			SeRestorePrivilege
			SeTakeOwnershipPrivilege
			SeDebugPrivilege
			SeSystemEnvironmentPrivilege
			SeLoadDriverPrivilege
			SeImpersonatePrivilege
			SeDelegateSessionUserImpersonatePrivilege"
Information,9/24/2024 2:08:18 PM,Microsoft-Windows-Security-Auditing,4672,Special Logon,"Special privileges assigned to new logon.

Subject:
	Security ID:		S-1-5-21-3792037069-2078677046-3387239386-1000
	Account Name:		Jsmith
	Account Domain:		EC2AMAZ-0TD157D
	Logon ID:		0x7C660C

Privileges:		SeSecurityPrivilege
			SeBackupPrivilege
			SeRestorePrivilege
			SeTakeOwnershipPrivilege
			SeDebugPrivilege
			SeSystemEnvironmentPrivilege
			SeLoadDriverPrivilege
			SeImpersonatePrivilege
			SeDelegateSessionUserImpersonatePrivilege"
Information,9/24/2024 2:11:18 PM,Microsoft-Windows-Security-Auditing,4672,Special Logon,"Special privileges assigned to new logon.

Subject:
	Security ID:		S-1-5-21-3792037069-2078677046-3387239386-1000
	Account Name:		Jsmith
	Account Domain:		EC2AMAZ-0TD157D
	Logon ID:		0x8789A8

Privileges:		SeSecurityPrivilege
			SeBackupPrivilege
			SeRestorePrivilege
			SeTakeOwnershipPrivilege
			SeDebugPrivilege
			SeSystemEnvironmentPrivilege
			SeLoadDriverPrivilege
			SeImpersonatePrivilege
			SeDelegateSessionUserImpersonatePrivilege"
Information,9/24/2024 2:08:18 PM,Microsoft-Windows-Security-Auditing,4672,Special Logon,"Special privileges assigned to new logon.

Subject:
	Security ID:		S-1-5-21-3792037069-2078677046-3387239386-1000
	Account Name:		Jsmith
	Account Domain:		EC2AMAZ-0TD157D
	Logon ID:		0x7C6584

Privileges:		SeSecurityPrivilege
			SeBackupPrivilege
			SeRestorePrivilege
			SeTakeOwnershipPrivilege
			SeDebugPrivilege
			SeSystemEnvironmentPrivilege
			SeLoadDriverPrivilege
			SeImpersonatePrivilege
			SeDelegateSessionUserImpersonatePrivilege"
Information,9/24/2024 2:11:18 PM,Microsoft-Windows-Security-Auditing,4672,Special Logon,"Special privileges assigned to new logon.

Subject:
	Security ID:		S-1-5-21-3792037069-2078677046-3387239386-1000
	Account Name:		Jsmith
	Account Domain:		EC2AMAZ-0TD157D
	Logon ID:		0x8790F8

Privileges:		SeSecurityPrivilege
			SeBackupPrivilege
			SeRestorePrivilege
			SeTakeOwnershipPrivilege
			SeDebugPrivilege
			SeSystemEnvironmentPrivilege
			SeLoadDriverPrivilege
			SeImpersonatePrivilege
			SeDelegateSessionUserImpersonatePrivilege"
Information,9/24/2024 2:05:05 PM,Microsoft-Windows-Security-Auditing,4703,Token Right Adjusted Events,"A token right was adjusted.

Subject:
	Security ID:		SYSTEM
	Account Name:		EC2AMAZ-0TD157D$
	Account Domain:		WORKGROUP
	Logon ID:		0x3E7

Target Account:
	Security ID:		NULL SID
	Account Name:		EC2AMAZ-0TD157D$
	Account Domain:		WORKGROUP
	Logon ID:		0x3E7

Process Information:
	Process ID:		0x1334
	Process Name:		C:\Windows\SysWOW64\wevtutil.exe

Enabled Privileges:
			SeSecurityPrivilege

Disabled Privileges:
			-"
Information,9/24/2024 2:05:05 PM,Microsoft-Windows-Security-Auditing,4703,Token Right Adjusted Events,"A token right was adjusted.

Subject:
	Security ID:		SYSTEM
	Account Name:		EC2AMAZ-0TD157D$
	Account Domain:		WORKGROUP
	Logon ID:		0x3E7

Target Account:
	Security ID:		NULL SID
	Account Name:		EC2AMAZ-0TD157D$
	Account Domain:		WORKGROUP
	Logon ID:		0x3E7

Process Information:
	Process ID:		0x1334
	Process Name:		C:\Windows\SysWOW64\wevtutil.exe

Enabled Privileges:
			-

Disabled Privileges:
			SeBackupPrivilege"
Information,9/24/2024 2:05:05 PM,Microsoft-Windows-Security-Auditing,4703,Token Right Adjusted Events,"A token right was adjusted.

Subject:
	Security ID:		SYSTEM
	Account Name:		EC2AMAZ-0TD157D$
	Account Domain:		WORKGROUP
	Logon ID:		0x3E7

Target Account:
	Security ID:		NULL SID
	Account Name:		EC2AMAZ-0TD157D$
	Account Domain:		WORKGROUP
	Logon ID:		0x3E7

Process Information:
	Process ID:		0x1334
	Process Name:		C:\Windows\SysWOW64\wevtutil.exe

Enabled Privileges:
			SeBackupPrivilege

Disabled Privileges:
			-"
Information,9/24/2024 2:05:05 PM,Microsoft-Windows-Security-Auditing,4703,Token Right Adjusted Events,"A token right was adjusted.

Subject:
	Security ID:		SYSTEM
	Account Name:		EC2AMAZ-0TD157D$
	Account Domain:		WORKGROUP
	Logon ID:		0x3E7

Target Account:
	Security ID:		NULL SID
	Account Name:		EC2AMAZ-0TD157D$
	Account Domain:		WORKGROUP
	Logon ID:		0x3E7

Process Information:
	Process ID:		0x12c8
	Process Name:		C:\Windows\SysWOW64\wevtutil.exe

Enabled Privileges:
			-

Disabled Privileges:
			SeBackupPrivilege"
Information,9/24/2024 2:05:05 PM,Microsoft-Windows-Security-Auditing,4703,Token Right Adjusted Events,"A token right was adjusted.

Subject:
	Security ID:		SYSTEM
	Account Name:		EC2AMAZ-0TD157D$
	Account Domain:		WORKGROUP
	Logon ID:		0x3E7

Target Account:
	Security ID:		NULL SID
	Account Name:		EC2AMAZ-0TD157D$
	Account Domain:		WORKGROUP
	Logon ID:		0x3E7

Process Information:
	Process ID:		0x12c8
	Process Name:		C:\Windows\SysWOW64\wevtutil.exe

Enabled Privileges:
			SeBackupPrivilege

Disabled Privileges:
			-"
Information,9/24/2024 2:05:05 PM,Microsoft-Windows-Security-Auditing,4703,Token Right Adjusted Events,"A token right was adjusted.

Subject:
	Security ID:		SYSTEM
	Account Name:		EC2AMAZ-0TD157D$
	Account Domain:		WORKGROUP
	Logon ID:		0x3E7

Target Account:
	Security ID:		NULL SID
	Account Name:		EC2AMAZ-0TD157D$
	Account Domain:		WORKGROUP
	Logon ID:		0x3E7

Process Information:
	Process ID:		0x12c8
	Process Name:		C:\Windows\SysWOW64\wevtutil.exe

Enabled Privileges:
			-

Disabled Privileges:
			SeSecurityPrivilege"
Information,9/24/2024 2:08:52 PM,Microsoft-Windows-Security-Auditing,4703,Token Right Adjusted Events,"The description for Event ID 4703 from source Microsoft-Windows-Security-Auditing cannot be found. Either the component that raises this event is not installed on your local computer or the installation is corrupted. You can install or repair the component on the local computer.

If the event originated on another computer, the display information had to be saved with the event.

The following information was included with the event: 

EV_RenderedValue_0.00
EC2AMAZ-0TD157D$
WORKGROUP
999
EV_RenderedValue_4.00
EC2AMAZ-0TD157D$
WORKGROUP
999
C:\Windows\System32\svchost.exe
2240
SeAssignPrimaryTokenPrivilege
			SeIncreaseQuotaPrivilege
			SeSecurityPrivilege
			SeTakeOwnershipPrivilege
			SeLoadDriverPrivilege
			SeSystemtimePrivilege
			SeBackupPrivilege
			SeRestorePrivilege
			SeShutdownPrivilege
			SeSystemEnvironmentPrivilege
			SeUndockPrivilege
			SeManageVolumePrivilege
-

The handle is invalid
"
Information,9/24/2024 2:08:52 PM,Microsoft-Windows-Security-Auditing,4703,Token Right Adjusted Events,"A token right was adjusted.

Subject:
	Security ID:		SYSTEM
	Account Name:		EC2AMAZ-0TD157D$
	Account Domain:		WORKGROUP
	Logon ID:		0x3E7

Target Account:
	Security ID:		NULL SID
	Account Name:		EC2AMAZ-0TD157D$
	Account Domain:		WORKGROUP
	Logon ID:		0x3E7

Process Information:
	Process ID:		0x8c0
	Process Name:		C:\Windows\System32\svchost.exe

Enabled Privileges:
			SeAssignPrimaryTokenPrivilege
			SeIncreaseQuotaPrivilege
			SeSecurityPrivilege
			SeTakeOwnershipPrivilege
			SeLoadDriverPrivilege
			SeSystemtimePrivilege
			SeBackupPrivilege
			SeRestorePrivilege
			SeShutdownPrivilege
			SeSystemEnvironmentPrivilege
			SeUndockPrivilege
			SeManageVolumePrivilege

Disabled Privileges:
			-"
Information,9/24/2024 2:05:05 PM,Microsoft-Windows-Security-Auditing,4703,Token Right Adjusted Events,"A token right was adjusted.

Subject:
	Security ID:		SYSTEM
	Account Name:		EC2AMAZ-0TD157D$
	Account Domain:		WORKGROUP
	Logon ID:		0x3E7

Target Account:
	Security ID:		NULL SID
	Account Name:		EC2AMAZ-0TD157D$
	Account Domain:		WORKGROUP
	Logon ID:		0x3E7

Process Information:
	Process ID:		0x1874
	Process Name:		C:\Windows\SysWOW64\wevtutil.exe

Enabled Privileges:
			-

Disabled Privileges:
			SeBackupPrivilege"
Information,9/24/2024 2:05:05 PM,Microsoft-Windows-Security-Auditing,4703,Token Right Adjusted Events,"A token right was adjusted.

Subject:
	Security ID:		SYSTEM
	Account Name:		EC2AMAZ-0TD157D$
	Account Domain:		WORKGROUP
	Logon ID:		0x3E7

Target Account:
	Security ID:		NULL SID
	Account Name:		EC2AMAZ-0TD157D$
	Account Domain:		WORKGROUP
	Logon ID:		0x3E7

Process Information:
	Process ID:		0x1874
	Process Name:		C:\Windows\SysWOW64\wevtutil.exe

Enabled Privileges:
			SeBackupPrivilege

Disabled Privileges:
			-"
Information,9/24/2024 2:08:52 PM,Microsoft-Windows-Security-Auditing,4703,Token Right Adjusted Events,"A token right was adjusted.

Subject:
	Security ID:		SYSTEM
	Account Name:		EC2AMAZ-0TD157D$
	Account Domain:		WORKGROUP
	Logon ID:		0x3E7

Target Account:
	Security ID:		NULL SID
	Account Name:		EC2AMAZ-0TD157D$
	Account Domain:		WORKGROUP
	Logon ID:		0x3E7

Process Information:
	Process ID:		0x8c0
	Process Name:		C:\Windows\System32\svchost.exe

Enabled Privileges:
			SeAssignPrimaryTokenPrivilege
			SeIncreaseQuotaPrivilege
			SeSecurityPrivilege
			SeTakeOwnershipPrivilege
			SeLoadDriverPrivilege
			SeSystemtimePrivilege
			SeBackupPrivilege
			SeRestorePrivilege
			SeShutdownPrivilege
			SeSystemEnvironmentPrivilege
			SeUndockPrivilege
			SeManageVolumePrivilege

Disabled Privileges:
			-"
Information,9/24/2024 2:05:05 PM,Microsoft-Windows-Security-Auditing,4703,Token Right Adjusted Events,"A token right was adjusted.

Subject:
	Security ID:		SYSTEM
	Account Name:		EC2AMAZ-0TD157D$
	Account Domain:		WORKGROUP
	Logon ID:		0x3E7

Target Account:
	Security ID:		NULL SID
	Account Name:		EC2AMAZ-0TD157D$
	Account Domain:		WORKGROUP
	Logon ID:		0x3E7

Process Information:
	Process ID:		0x1874
	Process Name:		C:\Windows\SysWOW64\wevtutil.exe

Enabled Privileges:
			-

Disabled Privileges:
			SeSecurityPrivilege"
Information,9/24/2024 2:08:52 PM,Microsoft-Windows-Security-Auditing,4703,Token Right Adjusted Events,"A token right was adjusted.

Subject:
	Security ID:		SYSTEM
	Account Name:		EC2AMAZ-0TD157D$
	Account Domain:		WORKGROUP
	Logon ID:		0x3E7

Target Account:
	Security ID:		NULL SID
	Account Name:		EC2AMAZ-0TD157D$
	Account Domain:		WORKGROUP
	Logon ID:		0x3E7

Process Information:
	Process ID:		0x8c0
	Process Name:		C:\Windows\System32\svchost.exe

Enabled Privileges:
			SeAssignPrimaryTokenPrivilege
			SeIncreaseQuotaPrivilege
			SeSecurityPrivilege
			SeTakeOwnershipPrivilege
			SeLoadDriverPrivilege
			SeSystemtimePrivilege
			SeBackupPrivilege
			SeRestorePrivilege
			SeShutdownPrivilege
			SeSystemEnvironmentPrivilege
			SeUndockPrivilege
			SeManageVolumePrivilege

Disabled Privileges:
			-"
Information,9/24/2024 2:05:05 PM,Microsoft-Windows-Security-Auditing,4703,Token Right Adjusted Events,"A token right was adjusted.

Subject:
	Security ID:		SYSTEM
	Account Name:		EC2AMAZ-0TD157D$
	Account Domain:		WORKGROUP
	Logon ID:		0x3E7

Target Account:
	Security ID:		NULL SID
	Account Name:		EC2AMAZ-0TD157D$
	Account Domain:		WORKGROUP
	Logon ID:		0x3E7

Process Information:
	Process ID:		0x1334
	Process Name:		C:\Windows\SysWOW64\wevtutil.exe

Enabled Privileges:
			-

Disabled Privileges:
			SeSecurityPrivilege"
Information,9/24/2024 2:05:05 PM,Microsoft-Windows-Security-Auditing,4703,Token Right Adjusted Events,"A token right was adjusted.

Subject:
	Security ID:		SYSTEM
	Account Name:		EC2AMAZ-0TD157D$
	Account Domain:		WORKGROUP
	Logon ID:		0x3E7

Target Account:
	Security ID:		NULL SID
	Account Name:		EC2AMAZ-0TD157D$
	Account Domain:		WORKGROUP
	Logon ID:		0x3E7

Process Information:
	Process ID:		0x1874
	Process Name:		C:\Windows\SysWOW64\wevtutil.exe

Enabled Privileges:
			SeSecurityPrivilege

Disabled Privileges:
			-"
Information,9/24/2024 2:08:52 PM,Microsoft-Windows-Security-Auditing,4703,Token Right Adjusted Events,"A token right was adjusted.

Subject:
	Security ID:		SYSTEM
	Account Name:		EC2AMAZ-0TD157D$
	Account Domain:		WORKGROUP
	Logon ID:		0x3E7

Target Account:
	Security ID:		NULL SID
	Account Name:		EC2AMAZ-0TD157D$
	Account Domain:		WORKGROUP
	Logon ID:		0x3E7

Process Information:
	Process ID:		0x8c0
	Process Name:		C:\Windows\System32\svchost.exe

Enabled Privileges:
			SeAssignPrimaryTokenPrivilege
			SeIncreaseQuotaPrivilege
			SeSecurityPrivilege
			SeTakeOwnershipPrivilege
			SeLoadDriverPrivilege
			SeSystemtimePrivilege
			SeBackupPrivilege
			SeRestorePrivilege
			SeShutdownPrivilege
			SeSystemEnvironmentPrivilege
			SeUndockPrivilege
			SeManageVolumePrivilege

Disabled Privileges:
			-"
Information,9/24/2024 2:05:05 PM,Microsoft-Windows-Security-Auditing,4703,Token Right Adjusted Events,"A token right was adjusted.

Subject:
	Security ID:		SYSTEM
	Account Name:		EC2AMAZ-0TD157D$
	Account Domain:		WORKGROUP
	Logon ID:		0x3E7

Target Account:
	Security ID:		NULL SID
	Account Name:		EC2AMAZ-0TD157D$
	Account Domain:		WORKGROUP
	Logon ID:		0x3E7

Process Information:
	Process ID:		0x12c8
	Process Name:		C:\Windows\SysWOW64\wevtutil.exe

Enabled Privileges:
			SeSecurityPrivilege

Disabled Privileges:
			-"
Information,9/24/2024 2:05:05 PM,Microsoft-Windows-Security-Auditing,4703,Token Right Adjusted Events,"A token right was adjusted.

Subject:
	Security ID:		SYSTEM
	Account Name:		EC2AMAZ-0TD157D$
	Account Domain:		WORKGROUP
	Logon ID:		0x3E7

Target Account:
	Security ID:		NULL SID
	Account Name:		EC2AMAZ-0TD157D$
	Account Domain:		WORKGROUP
	Logon ID:		0x3E7

Process Information:
	Process ID:		0x12c4
	Process Name:		C:\Windows\SysWOW64\wevtutil.exe

Enabled Privileges:
			-

Disabled Privileges:
			SeSecurityPrivilege"
Information,9/24/2024 2:05:05 PM,Microsoft-Windows-Security-Auditing,4703,Token Right Adjusted Events,"A token right was adjusted.

Subject:
	Security ID:		SYSTEM
	Account Name:		EC2AMAZ-0TD157D$
	Account Domain:		WORKGROUP
	Logon ID:		0x3E7

Target Account:
	Security ID:		NULL SID
	Account Name:		EC2AMAZ-0TD157D$
	Account Domain:		WORKGROUP
	Logon ID:		0x3E7

Process Information:
	Process ID:		0x12c4
	Process Name:		C:\Windows\SysWOW64\wevtutil.exe

Enabled Privileges:
			-

Disabled Privileges:
			SeBackupPrivilege"
Information,9/24/2024 2:08:52 PM,Microsoft-Windows-Security-Auditing,4703,Token Right Adjusted Events,"A token right was adjusted.

Subject:
	Security ID:		SYSTEM
	Account Name:		EC2AMAZ-0TD157D$
	Account Domain:		WORKGROUP
	Logon ID:		0x3E7

Target Account:
	Security ID:		NULL SID
	Account Name:		EC2AMAZ-0TD157D$
	Account Domain:		WORKGROUP
	Logon ID:		0x3E7

Process Information:
	Process ID:		0x8c0
	Process Name:		C:\Windows\System32\svchost.exe

Enabled Privileges:
			SeAssignPrimaryTokenPrivilege
			SeIncreaseQuotaPrivilege
			SeSecurityPrivilege
			SeTakeOwnershipPrivilege
			SeLoadDriverPrivilege
			SeSystemtimePrivilege
			SeBackupPrivilege
			SeRestorePrivilege
			SeShutdownPrivilege
			SeSystemEnvironmentPrivilege
			SeUndockPrivilege
			SeManageVolumePrivilege

Disabled Privileges:
			-"
Information,9/24/2024 2:08:52 PM,Microsoft-Windows-Security-Auditing,4703,Token Right Adjusted Events,"A token right was adjusted.

Subject:
	Security ID:		SYSTEM
	Account Name:		EC2AMAZ-0TD157D$
	Account Domain:		WORKGROUP
	Logon ID:		0x3E7

Target Account:
	Security ID:		NULL SID
	Account Name:		EC2AMAZ-0TD157D$
	Account Domain:		WORKGROUP
	Logon ID:		0x3E7

Process Information:
	Process ID:		0x8c0
	Process Name:		C:\Windows\System32\svchost.exe

Enabled Privileges:
			SeAssignPrimaryTokenPrivilege
			SeIncreaseQuotaPrivilege
			SeSecurityPrivilege
			SeTakeOwnershipPrivilege
			SeLoadDriverPrivilege
			SeSystemtimePrivilege
			SeBackupPrivilege
			SeRestorePrivilege
			SeShutdownPrivilege
			SeSystemEnvironmentPrivilege
			SeUndockPrivilege
			SeManageVolumePrivilege

Disabled Privileges:
			-"
Information,9/24/2024 2:08:52 PM,Microsoft-Windows-Security-Auditing,4703,Token Right Adjusted Events,"A token right was adjusted.

Subject:
	Security ID:		SYSTEM
	Account Name:		EC2AMAZ-0TD157D$
	Account Domain:		WORKGROUP
	Logon ID:		0x3E7

Target Account:
	Security ID:		NULL SID
	Account Name:		EC2AMAZ-0TD157D$
	Account Domain:		WORKGROUP
	Logon ID:		0x3E7

Process Information:
	Process ID:		0x8c0
	Process Name:		C:\Windows\System32\svchost.exe

Enabled Privileges:
			SeAssignPrimaryTokenPrivilege
			SeIncreaseQuotaPrivilege
			SeSecurityPrivilege
			SeTakeOwnershipPrivilege
			SeLoadDriverPrivilege
			SeSystemtimePrivilege
			SeBackupPrivilege
			SeRestorePrivilege
			SeShutdownPrivilege
			SeSystemEnvironmentPrivilege
			SeUndockPrivilege
			SeManageVolumePrivilege

Disabled Privileges:
			-"
Information,9/24/2024 2:08:52 PM,Microsoft-Windows-Security-Auditing,4703,Token Right Adjusted Events,"A token right was adjusted.

Subject:
	Security ID:		SYSTEM
	Account Name:		EC2AMAZ-0TD157D$
	Account Domain:		WORKGROUP
	Logon ID:		0x3E7

Target Account:
	Security ID:		NULL SID
	Account Name:		EC2AMAZ-0TD157D$
	Account Domain:		WORKGROUP
	Logon ID:		0x3E7

Process Information:
	Process ID:		0x8c0
	Process Name:		C:\Windows\System32\svchost.exe

Enabled Privileges:
			SeAssignPrimaryTokenPrivilege
			SeIncreaseQuotaPrivilege
			SeSecurityPrivilege
			SeTakeOwnershipPrivilege
			SeLoadDriverPrivilege
			SeSystemtimePrivilege
			SeBackupPrivilege
			SeRestorePrivilege
			SeShutdownPrivilege
			SeSystemEnvironmentPrivilege
			SeUndockPrivilege
			SeManageVolumePrivilege

Disabled Privileges:
			-"
Information,9/24/2024 2:05:05 PM,Microsoft-Windows-Security-Auditing,4703,Token Right Adjusted Events,"A token right was adjusted.

Subject:
	Security ID:		SYSTEM
	Account Name:		EC2AMAZ-0TD157D$
	Account Domain:		WORKGROUP
	Logon ID:		0x3E7

Target Account:
	Security ID:		NULL SID
	Account Name:		EC2AMAZ-0TD157D$
	Account Domain:		WORKGROUP
	Logon ID:		0x3E7

Process Information:
	Process ID:		0x12c4
	Process Name:		C:\Windows\SysWOW64\wevtutil.exe

Enabled Privileges:
			SeBackupPrivilege

Disabled Privileges:
			-"
Information,9/24/2024 2:05:05 PM,Microsoft-Windows-Security-Auditing,4703,Token Right Adjusted Events,"A token right was adjusted.

Subject:
	Security ID:		SYSTEM
	Account Name:		EC2AMAZ-0TD157D$
	Account Domain:		WORKGROUP
	Logon ID:		0x3E7

Target Account:
	Security ID:		NULL SID
	Account Name:		EC2AMAZ-0TD157D$
	Account Domain:		WORKGROUP
	Logon ID:		0x3E7

Process Information:
	Process ID:		0x12c4
	Process Name:		C:\Windows\SysWOW64\wevtutil.exe

Enabled Privileges:
			SeSecurityPrivilege

Disabled Privileges:
			-"
Information,9/24/2024 2:05:05 PM,Microsoft-Windows-Security-Auditing,4703,Token Right Adjusted Events,"A token right was adjusted.

Subject:
	Security ID:		SYSTEM
	Account Name:		EC2AMAZ-0TD157D$
	Account Domain:		WORKGROUP
	Logon ID:		0x3E7

Target Account:
	Security ID:		NULL SID
	Account Name:		EC2AMAZ-0TD157D$
	Account Domain:		WORKGROUP
	Logon ID:		0x3E7

Process Information:
	Process ID:		0x8f4
	Process Name:		C:\Windows\SysWOW64\wevtutil.exe

Enabled Privileges:
			-

Disabled Privileges:
			SeSecurityPrivilege"
Information,9/24/2024 2:05:05 PM,Microsoft-Windows-Security-Auditing,4703,Token Right Adjusted Events,"A token right was adjusted.

Subject:
	Security ID:		SYSTEM
	Account Name:		EC2AMAZ-0TD157D$
	Account Domain:		WORKGROUP
	Logon ID:		0x3E7

Target Account:
	Security ID:		NULL SID
	Account Name:		EC2AMAZ-0TD157D$
	Account Domain:		WORKGROUP
	Logon ID:		0x3E7

Process Information:
	Process ID:		0x8f4
	Process Name:		C:\Windows\SysWOW64\wevtutil.exe

Enabled Privileges:
			-

Disabled Privileges:
			SeBackupPrivilege"
Information,9/24/2024 2:08:52 PM,Microsoft-Windows-Security-Auditing,4703,Token Right Adjusted Events,"A token right was adjusted.

Subject:
	Security ID:		SYSTEM
	Account Name:		EC2AMAZ-0TD157D$
	Account Domain:		WORKGROUP
	Logon ID:		0x3E7

Target Account:
	Security ID:		NULL SID
	Account Name:		EC2AMAZ-0TD157D$
	Account Domain:		WORKGROUP
	Logon ID:		0x3E7

Process Information:
	Process ID:		0x8c0
	Process Name:		C:\Windows\System32\svchost.exe

Enabled Privileges:
			SeAssignPrimaryTokenPrivilege
			SeIncreaseQuotaPrivilege
			SeSecurityPrivilege
			SeTakeOwnershipPrivilege
			SeLoadDriverPrivilege
			SeSystemtimePrivilege
			SeBackupPrivilege
			SeRestorePrivilege
			SeShutdownPrivilege
			SeSystemEnvironmentPrivilege
			SeUndockPrivilege
			SeManageVolumePrivilege

Disabled Privileges:
			-"
Information,9/24/2024 2:08:52 PM,Microsoft-Windows-Security-Auditing,4703,Token Right Adjusted Events,"A token right was adjusted.

Subject:
	Security ID:		SYSTEM
	Account Name:		EC2AMAZ-0TD157D$
	Account Domain:		WORKGROUP
	Logon ID:		0x3E7

Target Account:
	Security ID:		NULL SID
	Account Name:		EC2AMAZ-0TD157D$
	Account Domain:		WORKGROUP
	Logon ID:		0x3E7

Process Information:
	Process ID:		0x8c0
	Process Name:		C:\Windows\System32\svchost.exe

Enabled Privileges:
			SeAssignPrimaryTokenPrivilege
			SeIncreaseQuotaPrivilege
			SeSecurityPrivilege
			SeTakeOwnershipPrivilege
			SeLoadDriverPrivilege
			SeSystemtimePrivilege
			SeBackupPrivilege
			SeRestorePrivilege
			SeShutdownPrivilege
			SeSystemEnvironmentPrivilege
			SeUndockPrivilege
			SeManageVolumePrivilege

Disabled Privileges:
			-"
Information,9/24/2024 2:05:05 PM,Microsoft-Windows-Security-Auditing,4703,Token Right Adjusted Events,"A token right was adjusted.

Subject:
	Security ID:		SYSTEM
	Account Name:		EC2AMAZ-0TD157D$
	Account Domain:		WORKGROUP
	Logon ID:		0x3E7

Target Account:
	Security ID:		NULL SID
	Account Name:		EC2AMAZ-0TD157D$
	Account Domain:		WORKGROUP
	Logon ID:		0x3E7

Process Information:
	Process ID:		0x1a58
	Process Name:		C:\Windows\SysWOW64\wevtutil.exe

Enabled Privileges:
			-

Disabled Privileges:
			SeSecurityPrivilege"
Information,9/24/2024 2:05:05 PM,Microsoft-Windows-Security-Auditing,4703,Token Right Adjusted Events,"A token right was adjusted.

Subject:
	Security ID:		SYSTEM
	Account Name:		EC2AMAZ-0TD157D$
	Account Domain:		WORKGROUP
	Logon ID:		0x3E7

Target Account:
	Security ID:		NULL SID
	Account Name:		EC2AMAZ-0TD157D$
	Account Domain:		WORKGROUP
	Logon ID:		0x3E7

Process Information:
	Process ID:		0x8f4
	Process Name:		C:\Windows\SysWOW64\wevtutil.exe

Enabled Privileges:
			SeSecurityPrivilege

Disabled Privileges:
			-"
Information,9/24/2024 2:05:05 PM,Microsoft-Windows-Security-Auditing,4703,Token Right Adjusted Events,"A token right was adjusted.

Subject:
	Security ID:		SYSTEM
	Account Name:		EC2AMAZ-0TD157D$
	Account Domain:		WORKGROUP
	Logon ID:		0x3E7

Target Account:
	Security ID:		NULL SID
	Account Name:		EC2AMAZ-0TD157D$
	Account Domain:		WORKGROUP
	Logon ID:		0x3E7

Process Information:
	Process ID:		0x8f4
	Process Name:		C:\Windows\SysWOW64\wevtutil.exe

Enabled Privileges:
			SeBackupPrivilege

Disabled Privileges:
			-"
Information,9/24/2024 2:05:05 PM,Microsoft-Windows-Security-Auditing,4703,Token Right Adjusted Events,"A token right was adjusted.

Subject:
	Security ID:		SYSTEM
	Account Name:		EC2AMAZ-0TD157D$
	Account Domain:		WORKGROUP
	Logon ID:		0x3E7

Target Account:
	Security ID:		NULL SID
	Account Name:		EC2AMAZ-0TD157D$
	Account Domain:		WORKGROUP
	Logon ID:		0x3E7

Process Information:
	Process ID:		0x1a58
	Process Name:		C:\Windows\SysWOW64\wevtutil.exe

Enabled Privileges:
			-

Disabled Privileges:
			SeBackupPrivilege"
Information,9/24/2024 2:08:52 PM,Microsoft-Windows-Security-Auditing,4703,Token Right Adjusted Events,"A token right was adjusted.

Subject:
	Security ID:		SYSTEM
	Account Name:		EC2AMAZ-0TD157D$
	Account Domain:		WORKGROUP
	Logon ID:		0x3E7

Target Account:
	Security ID:		NULL SID
	Account Name:		EC2AMAZ-0TD157D$
	Account Domain:		WORKGROUP
	Logon ID:		0x3E7

Process Information:
	Process ID:		0x8c0
	Process Name:		C:\Windows\System32\svchost.exe

Enabled Privileges:
			SeAssignPrimaryTokenPrivilege
			SeIncreaseQuotaPrivilege
			SeSecurityPrivilege
			SeTakeOwnershipPrivilege
			SeLoadDriverPrivilege
			SeSystemtimePrivilege
			SeBackupPrivilege
			SeRestorePrivilege
			SeShutdownPrivilege
			SeSystemEnvironmentPrivilege
			SeUndockPrivilege
			SeManageVolumePrivilege

Disabled Privileges:
			-"
Information,9/24/2024 2:05:05 PM,Microsoft-Windows-Security-Auditing,4703,Token Right Adjusted Events,"A token right was adjusted.

Subject:
	Security ID:		SYSTEM
	Account Name:		EC2AMAZ-0TD157D$
	Account Domain:		WORKGROUP
	Logon ID:		0x3E7

Target Account:
	Security ID:		NULL SID
	Account Name:		EC2AMAZ-0TD157D$
	Account Domain:		WORKGROUP
	Logon ID:		0x3E7

Process Information:
	Process ID:		0x17fc
	Process Name:		C:\Windows\SysWOW64\wevtutil.exe

Enabled Privileges:
			-

Disabled Privileges:
			SeSecurityPrivilege"
Information,9/24/2024 2:05:05 PM,Microsoft-Windows-Security-Auditing,4703,Token Right Adjusted Events,"A token right was adjusted.

Subject:
	Security ID:		SYSTEM
	Account Name:		EC2AMAZ-0TD157D$
	Account Domain:		WORKGROUP
	Logon ID:		0x3E7

Target Account:
	Security ID:		NULL SID
	Account Name:		EC2AMAZ-0TD157D$
	Account Domain:		WORKGROUP
	Logon ID:		0x3E7

Process Information:
	Process ID:		0x1b8
	Process Name:		C:\Windows\SysWOW64\wevtutil.exe

Enabled Privileges:
			SeSecurityPrivilege

Disabled Privileges:
			-"
Information,9/24/2024 2:08:52 PM,Microsoft-Windows-Security-Auditing,4703,Token Right Adjusted Events,"A token right was adjusted.

Subject:
	Security ID:		SYSTEM
	Account Name:		EC2AMAZ-0TD157D$
	Account Domain:		WORKGROUP
	Logon ID:		0x3E7

Target Account:
	Security ID:		NULL SID
	Account Name:		EC2AMAZ-0TD157D$
	Account Domain:		WORKGROUP
	Logon ID:		0x3E7

Process Information:
	Process ID:		0x8c0
	Process Name:		C:\Windows\System32\svchost.exe

Enabled Privileges:
			SeAssignPrimaryTokenPrivilege
			SeIncreaseQuotaPrivilege
			SeSecurityPrivilege
			SeTakeOwnershipPrivilege
			SeLoadDriverPrivilege
			SeSystemtimePrivilege
			SeBackupPrivilege
			SeRestorePrivilege
			SeShutdownPrivilege
			SeSystemEnvironmentPrivilege
			SeUndockPrivilege
			SeManageVolumePrivilege

Disabled Privileges:
			-"
Information,9/24/2024 2:05:05 PM,Microsoft-Windows-Security-Auditing,4703,Token Right Adjusted Events,"A token right was adjusted.

Subject:
	Security ID:		SYSTEM
	Account Name:		EC2AMAZ-0TD157D$
	Account Domain:		WORKGROUP
	Logon ID:		0x3E7

Target Account:
	Security ID:		NULL SID
	Account Name:		EC2AMAZ-0TD157D$
	Account Domain:		WORKGROUP
	Logon ID:		0x3E7

Process Information:
	Process ID:		0x17fc
	Process Name:		C:\Windows\SysWOW64\wevtutil.exe

Enabled Privileges:
			SeSecurityPrivilege

Disabled Privileges:
			-"
Information,9/24/2024 2:08:52 PM,Microsoft-Windows-Security-Auditing,4703,Token Right Adjusted Events,"A token right was adjusted.

Subject:
	Security ID:		SYSTEM
	Account Name:		EC2AMAZ-0TD157D$
	Account Domain:		WORKGROUP
	Logon ID:		0x3E7

Target Account:
	Security ID:		NULL SID
	Account Name:		EC2AMAZ-0TD157D$
	Account Domain:		WORKGROUP
	Logon ID:		0x3E7

Process Information:
	Process ID:		0x8c0
	Process Name:		C:\Windows\System32\svchost.exe

Enabled Privileges:
			SeAssignPrimaryTokenPrivilege
			SeIncreaseQuotaPrivilege
			SeSecurityPrivilege
			SeTakeOwnershipPrivilege
			SeLoadDriverPrivilege
			SeSystemtimePrivilege
			SeBackupPrivilege
			SeRestorePrivilege
			SeShutdownPrivilege
			SeSystemEnvironmentPrivilege
			SeUndockPrivilege
			SeManageVolumePrivilege

Disabled Privileges:
			-"
Information,9/24/2024 2:05:05 PM,Microsoft-Windows-Security-Auditing,4703,Token Right Adjusted Events,"A token right was adjusted.

Subject:
	Security ID:		SYSTEM
	Account Name:		EC2AMAZ-0TD157D$
	Account Domain:		WORKGROUP
	Logon ID:		0x3E7

Target Account:
	Security ID:		NULL SID
	Account Name:		EC2AMAZ-0TD157D$
	Account Domain:		WORKGROUP
	Logon ID:		0x3E7

Process Information:
	Process ID:		0x17fc
	Process Name:		C:\Windows\SysWOW64\wevtutil.exe

Enabled Privileges:
			-

Disabled Privileges:
			SeBackupPrivilege"
Information,9/24/2024 2:05:05 PM,Microsoft-Windows-Security-Auditing,4703,Token Right Adjusted Events,"A token right was adjusted.

Subject:
	Security ID:		SYSTEM
	Account Name:		EC2AMAZ-0TD157D$
	Account Domain:		WORKGROUP
	Logon ID:		0x3E7

Target Account:
	Security ID:		NULL SID
	Account Name:		EC2AMAZ-0TD157D$
	Account Domain:		WORKGROUP
	Logon ID:		0x3E7

Process Information:
	Process ID:		0x17fc
	Process Name:		C:\Windows\SysWOW64\wevtutil.exe

Enabled Privileges:
			SeBackupPrivilege

Disabled Privileges:
			-"
Information,9/24/2024 2:05:05 PM,Microsoft-Windows-Security-Auditing,4703,Token Right Adjusted Events,"A token right was adjusted.

Subject:
	Security ID:		SYSTEM
	Account Name:		EC2AMAZ-0TD157D$
	Account Domain:		WORKGROUP
	Logon ID:		0x3E7

Target Account:
	Security ID:		NULL SID
	Account Name:		EC2AMAZ-0TD157D$
	Account Domain:		WORKGROUP
	Logon ID:		0x3E7

Process Information:
	Process ID:		0x1b8
	Process Name:		C:\Windows\SysWOW64\wevtutil.exe

Enabled Privileges:
			SeBackupPrivilege

Disabled Privileges:
			-"
Information,9/24/2024 2:05:05 PM,Microsoft-Windows-Security-Auditing,4703,Token Right Adjusted Events,"A token right was adjusted.

Subject:
	Security ID:		SYSTEM
	Account Name:		EC2AMAZ-0TD157D$
	Account Domain:		WORKGROUP
	Logon ID:		0x3E7

Target Account:
	Security ID:		NULL SID
	Account Name:		EC2AMAZ-0TD157D$
	Account Domain:		WORKGROUP
	Logon ID:		0x3E7

Process Information:
	Process ID:		0x6bc
	Process Name:		C:\Windows\SysWOW64\wevtutil.exe

Enabled Privileges:
			SeBackupPrivilege

Disabled Privileges:
			-"
Information,9/24/2024 2:05:05 PM,Microsoft-Windows-Security-Auditing,4703,Token Right Adjusted Events,"A token right was adjusted.

Subject:
	Security ID:		SYSTEM
	Account Name:		EC2AMAZ-0TD157D$
	Account Domain:		WORKGROUP
	Logon ID:		0x3E7

Target Account:
	Security ID:		NULL SID
	Account Name:		EC2AMAZ-0TD157D$
	Account Domain:		WORKGROUP
	Logon ID:		0x3E7

Process Information:
	Process ID:		0x6bc
	Process Name:		C:\Windows\SysWOW64\wevtutil.exe

Enabled Privileges:
			SeSecurityPrivilege

Disabled Privileges:
			-"
Information,9/24/2024 2:05:05 PM,Microsoft-Windows-Security-Auditing,4703,Token Right Adjusted Events,"A token right was adjusted.

Subject:
	Security ID:		SYSTEM
	Account Name:		EC2AMAZ-0TD157D$
	Account Domain:		WORKGROUP
	Logon ID:		0x3E7

Target Account:
	Security ID:		NULL SID
	Account Name:		EC2AMAZ-0TD157D$
	Account Domain:		WORKGROUP
	Logon ID:		0x3E7

Process Information:
	Process ID:		0x6bc
	Process Name:		C:\Windows\SysWOW64\wevtutil.exe

Enabled Privileges:
			-

Disabled Privileges:
			SeSecurityPrivilege"
Information,9/24/2024 2:05:05 PM,Microsoft-Windows-Security-Auditing,4703,Token Right Adjusted Events,"A token right was adjusted.

Subject:
	Security ID:		SYSTEM
	Account Name:		EC2AMAZ-0TD157D$
	Account Domain:		WORKGROUP
	Logon ID:		0x3E7

Target Account:
	Security ID:		NULL SID
	Account Name:		EC2AMAZ-0TD157D$
	Account Domain:		WORKGROUP
	Logon ID:		0x3E7

Process Information:
	Process ID:		0x6bc
	Process Name:		C:\Windows\SysWOW64\wevtutil.exe

Enabled Privileges:
			-

Disabled Privileges:
			SeBackupPrivilege"
Information,9/24/2024 2:05:05 PM,Microsoft-Windows-Security-Auditing,4703,Token Right Adjusted Events,"A token right was adjusted.

Subject:
	Security ID:		SYSTEM
	Account Name:		EC2AMAZ-0TD157D$
	Account Domain:		WORKGROUP
	Logon ID:		0x3E7

Target Account:
	Security ID:		NULL SID
	Account Name:		EC2AMAZ-0TD157D$
	Account Domain:		WORKGROUP
	Logon ID:		0x3E7

Process Information:
	Process ID:		0x1b8
	Process Name:		C:\Windows\SysWOW64\wevtutil.exe

Enabled Privileges:
			-

Disabled Privileges:
			SeSecurityPrivilege"
Information,9/24/2024 2:05:05 PM,Microsoft-Windows-Security-Auditing,4703,Token Right Adjusted Events,"A token right was adjusted.

Subject:
	Security ID:		SYSTEM
	Account Name:		EC2AMAZ-0TD157D$
	Account Domain:		WORKGROUP
	Logon ID:		0x3E7

Target Account:
	Security ID:		NULL SID
	Account Name:		EC2AMAZ-0TD157D$
	Account Domain:		WORKGROUP
	Logon ID:		0x3E7

Process Information:
	Process ID:		0x1b8
	Process Name:		C:\Windows\SysWOW64\wevtutil.exe

Enabled Privileges:
			-

Disabled Privileges:
			SeBackupPrivilege"
Information,9/24/2024 2:08:52 PM,Microsoft-Windows-Security-Auditing,4703,Token Right Adjusted Events,"A token right was adjusted.

Subject:
	Security ID:		SYSTEM
	Account Name:		EC2AMAZ-0TD157D$
	Account Domain:		WORKGROUP
	Logon ID:		0x3E7

Target Account:
	Security ID:		NULL SID
	Account Name:		EC2AMAZ-0TD157D$
	Account Domain:		WORKGROUP
	Logon ID:		0x3E7

Process Information:
	Process ID:		0x8c0
	Process Name:		C:\Windows\System32\svchost.exe

Enabled Privileges:
			SeAssignPrimaryTokenPrivilege
			SeIncreaseQuotaPrivilege
			SeSecurityPrivilege
			SeTakeOwnershipPrivilege
			SeLoadDriverPrivilege
			SeSystemtimePrivilege
			SeBackupPrivilege
			SeRestorePrivilege
			SeShutdownPrivilege
			SeSystemEnvironmentPrivilege
			SeUndockPrivilege
			SeManageVolumePrivilege

Disabled Privileges:
			-"
Information,9/24/2024 2:08:52 PM,Microsoft-Windows-Security-Auditing,4703,Token Right Adjusted Events,"A token right was adjusted.

Subject:
	Security ID:		SYSTEM
	Account Name:		EC2AMAZ-0TD157D$
	Account Domain:		WORKGROUP
	Logon ID:		0x3E7

Target Account:
	Security ID:		NULL SID
	Account Name:		EC2AMAZ-0TD157D$
	Account Domain:		WORKGROUP
	Logon ID:		0x3E7

Process Information:
	Process ID:		0x8c0
	Process Name:		C:\Windows\System32\svchost.exe

Enabled Privileges:
			SeAssignPrimaryTokenPrivilege
			SeIncreaseQuotaPrivilege
			SeSecurityPrivilege
			SeTakeOwnershipPrivilege
			SeLoadDriverPrivilege
			SeSystemtimePrivilege
			SeBackupPrivilege
			SeRestorePrivilege
			SeShutdownPrivilege
			SeSystemEnvironmentPrivilege
			SeUndockPrivilege
			SeManageVolumePrivilege

Disabled Privileges:
			-"
Information,9/24/2024 2:08:52 PM,Microsoft-Windows-Security-Auditing,4703,Token Right Adjusted Events,"A token right was adjusted.

Subject:
	Security ID:		SYSTEM
	Account Name:		EC2AMAZ-0TD157D$
	Account Domain:		WORKGROUP
	Logon ID:		0x3E7

Target Account:
	Security ID:		NULL SID
	Account Name:		EC2AMAZ-0TD157D$
	Account Domain:		WORKGROUP
	Logon ID:		0x3E7

Process Information:
	Process ID:		0x8c0
	Process Name:		C:\Windows\System32\svchost.exe

Enabled Privileges:
			SeAssignPrimaryTokenPrivilege
			SeIncreaseQuotaPrivilege
			SeSecurityPrivilege
			SeTakeOwnershipPrivilege
			SeLoadDriverPrivilege
			SeSystemtimePrivilege
			SeBackupPrivilege
			SeRestorePrivilege
			SeShutdownPrivilege
			SeSystemEnvironmentPrivilege
			SeUndockPrivilege
			SeManageVolumePrivilege

Disabled Privileges:
			-"
Information,9/24/2024 2:08:52 PM,Microsoft-Windows-Security-Auditing,4703,Token Right Adjusted Events,"A token right was adjusted.

Subject:
	Security ID:		SYSTEM
	Account Name:		EC2AMAZ-0TD157D$
	Account Domain:		WORKGROUP
	Logon ID:		0x3E7

Target Account:
	Security ID:		NULL SID
	Account Name:		EC2AMAZ-0TD157D$
	Account Domain:		WORKGROUP
	Logon ID:		0x3E7

Process Information:
	Process ID:		0x8c0
	Process Name:		C:\Windows\System32\svchost.exe

Enabled Privileges:
			SeAssignPrimaryTokenPrivilege
			SeIncreaseQuotaPrivilege
			SeSecurityPrivilege
			SeTakeOwnershipPrivilege
			SeLoadDriverPrivilege
			SeSystemtimePrivilege
			SeBackupPrivilege
			SeRestorePrivilege
			SeShutdownPrivilege
			SeSystemEnvironmentPrivilege
			SeUndockPrivilege
			SeManageVolumePrivilege

Disabled Privileges:
			-"
Information,9/24/2024 2:05:05 PM,Microsoft-Windows-Security-Auditing,4703,Token Right Adjusted Events,"A token right was adjusted.

Subject:
	Security ID:		SYSTEM
	Account Name:		EC2AMAZ-0TD157D$
	Account Domain:		WORKGROUP
	Logon ID:		0x3E7

Target Account:
	Security ID:		NULL SID
	Account Name:		EC2AMAZ-0TD157D$
	Account Domain:		WORKGROUP
	Logon ID:		0x3E7

Process Information:
	Process ID:		0x11c0
	Process Name:		C:\Windows\SysWOW64\wevtutil.exe

Enabled Privileges:
			-

Disabled Privileges:
			SeSecurityPrivilege"
Information,9/24/2024 2:05:05 PM,Microsoft-Windows-Security-Auditing,4703,Token Right Adjusted Events,"A token right was adjusted.

Subject:
	Security ID:		SYSTEM
	Account Name:		EC2AMAZ-0TD157D$
	Account Domain:		WORKGROUP
	Logon ID:		0x3E7

Target Account:
	Security ID:		NULL SID
	Account Name:		EC2AMAZ-0TD157D$
	Account Domain:		WORKGROUP
	Logon ID:		0x3E7

Process Information:
	Process ID:		0x1288
	Process Name:		C:\Windows\SysWOW64\wevtutil.exe

Enabled Privileges:
			SeSecurityPrivilege

Disabled Privileges:
			-"
Information,9/24/2024 2:08:52 PM,Microsoft-Windows-Security-Auditing,4703,Token Right Adjusted Events,"A token right was adjusted.

Subject:
	Security ID:		SYSTEM
	Account Name:		EC2AMAZ-0TD157D$
	Account Domain:		WORKGROUP
	Logon ID:		0x3E7

Target Account:
	Security ID:		NULL SID
	Account Name:		EC2AMAZ-0TD157D$
	Account Domain:		WORKGROUP
	Logon ID:		0x3E7

Process Information:
	Process ID:		0x8c0
	Process Name:		C:\Windows\System32\svchost.exe

Enabled Privileges:
			SeAssignPrimaryTokenPrivilege
			SeIncreaseQuotaPrivilege
			SeSecurityPrivilege
			SeTakeOwnershipPrivilege
			SeLoadDriverPrivilege
			SeSystemtimePrivilege
			SeBackupPrivilege
			SeRestorePrivilege
			SeShutdownPrivilege
			SeSystemEnvironmentPrivilege
			SeUndockPrivilege
			SeManageVolumePrivilege

Disabled Privileges:
			-"
Information,9/24/2024 2:05:05 PM,Microsoft-Windows-Security-Auditing,4703,Token Right Adjusted Events,"A token right was adjusted.

Subject:
	Security ID:		SYSTEM
	Account Name:		EC2AMAZ-0TD157D$
	Account Domain:		WORKGROUP
	Logon ID:		0x3E7

Target Account:
	Security ID:		NULL SID
	Account Name:		EC2AMAZ-0TD157D$
	Account Domain:		WORKGROUP
	Logon ID:		0x3E7

Process Information:
	Process ID:		0x11c0
	Process Name:		C:\Windows\SysWOW64\wevtutil.exe

Enabled Privileges:
			SeSecurityPrivilege

Disabled Privileges:
			-"
Information,9/24/2024 2:08:52 PM,Microsoft-Windows-Security-Auditing,4703,Token Right Adjusted Events,"A token right was adjusted.

Subject:
	Security ID:		SYSTEM
	Account Name:		EC2AMAZ-0TD157D$
	Account Domain:		WORKGROUP
	Logon ID:		0x3E7

Target Account:
	Security ID:		NULL SID
	Account Name:		EC2AMAZ-0TD157D$
	Account Domain:		WORKGROUP
	Logon ID:		0x3E7

Process Information:
	Process ID:		0x8c0
	Process Name:		C:\Windows\System32\svchost.exe

Enabled Privileges:
			SeAssignPrimaryTokenPrivilege
			SeIncreaseQuotaPrivilege
			SeSecurityPrivilege
			SeTakeOwnershipPrivilege
			SeLoadDriverPrivilege
			SeSystemtimePrivilege
			SeBackupPrivilege
			SeRestorePrivilege
			SeShutdownPrivilege
			SeSystemEnvironmentPrivilege
			SeUndockPrivilege
			SeManageVolumePrivilege

Disabled Privileges:
			-"
Information,9/24/2024 2:05:05 PM,Microsoft-Windows-Security-Auditing,4703,Token Right Adjusted Events,"A token right was adjusted.

Subject:
	Security ID:		SYSTEM
	Account Name:		EC2AMAZ-0TD157D$
	Account Domain:		WORKGROUP
	Logon ID:		0x3E7

Target Account:
	Security ID:		NULL SID
	Account Name:		EC2AMAZ-0TD157D$
	Account Domain:		WORKGROUP
	Logon ID:		0x3E7

Process Information:
	Process ID:		0x11c0
	Process Name:		C:\Windows\SysWOW64\wevtutil.exe

Enabled Privileges:
			-

Disabled Privileges:
			SeBackupPrivilege"
Information,9/24/2024 2:05:05 PM,Microsoft-Windows-Security-Auditing,4703,Token Right Adjusted Events,"A token right was adjusted.

Subject:
	Security ID:		SYSTEM
	Account Name:		EC2AMAZ-0TD157D$
	Account Domain:		WORKGROUP
	Logon ID:		0x3E7

Target Account:
	Security ID:		NULL SID
	Account Name:		EC2AMAZ-0TD157D$
	Account Domain:		WORKGROUP
	Logon ID:		0x3E7

Process Information:
	Process ID:		0x11c0
	Process Name:		C:\Windows\SysWOW64\wevtutil.exe

Enabled Privileges:
			SeBackupPrivilege

Disabled Privileges:
			-"
Information,9/24/2024 2:05:05 PM,Microsoft-Windows-Security-Auditing,4703,Token Right Adjusted Events,"A token right was adjusted.

Subject:
	Security ID:		SYSTEM
	Account Name:		EC2AMAZ-0TD157D$
	Account Domain:		WORKGROUP
	Logon ID:		0x3E7

Target Account:
	Security ID:		NULL SID
	Account Name:		EC2AMAZ-0TD157D$
	Account Domain:		WORKGROUP
	Logon ID:		0x3E7

Process Information:
	Process ID:		0x1288
	Process Name:		C:\Windows\SysWOW64\wevtutil.exe

Enabled Privileges:
			SeBackupPrivilege

Disabled Privileges:
			-"
Information,9/24/2024 2:05:05 PM,Microsoft-Windows-Security-Auditing,4703,Token Right Adjusted Events,"A token right was adjusted.

Subject:
	Security ID:		SYSTEM
	Account Name:		EC2AMAZ-0TD157D$
	Account Domain:		WORKGROUP
	Logon ID:		0x3E7

Target Account:
	Security ID:		NULL SID
	Account Name:		EC2AMAZ-0TD157D$
	Account Domain:		WORKGROUP
	Logon ID:		0x3E7

Process Information:
	Process ID:		0xa30
	Process Name:		C:\Windows\SysWOW64\wevtutil.exe

Enabled Privileges:
			SeBackupPrivilege

Disabled Privileges:
			-"
