Information	9/24/2024 14:06	Microsoft-Windows-Security-Auditing	4688	Process Creation	"A new process has been created.

Creator Subject:
	Security ID:		SYSTEM
	Account Name:		EC2AMAZ-0TD157D$
	Account Domain:		WORKGROUP
	Logon ID:		0x3E7

Target Subject:
	Security ID:		NULL SID
	Account Name:		-
	Account Domain:		-
	Logon ID:		0x0

Process Information:
	New Process ID:		0x18c0
	New Process Name:	C:\Windows\Microsoft.NET\Framework\v4.0.30319\mscorsvw.exe
	Token Elevation Type:	%%1936
	Mandatory Label:		Mandatory Label\System Mandatory Level
	Creator Process ID:	0x900
	Creator Process Name:	C:\Windows\Microsoft.NET\Framework\v4.0.30319\ngen.exe
	Process Command Line:	C:\Windows\Microsoft.NET\Framework\v4.0.30319\mscorsvw.exe -StartupEvent 67c -InterruptEvent 0 -NGENProcess 648 -Pipe 5b8 -Comment ""NGen Worker Process""

Token Elevation Type indicates the type of token that was assigned to the new process in accordance with User Account Control policy.

Type 1 is a full token with no privileges removed or groups disabled.  A full token is only used if User Account Control is disabled or if the user is the built-in Administrator account or a service account.

Type 2 is an elevated token with no privileges removed or groups disabled.  An elevated token is used when User Account Control is enabled and the user chooses to start the program using Run as administrator.  An elevated token is also used when an application is configured to always require administrative privilege or to always require maximum privilege, and the user is a member of the Administrators group.

Type 3 is a limited token with administrative privileges removed and administrative groups disabled.  The limited token is used when User Account Control is enabled, the application does not require administrative privilege, and the user does not choose to start the program using Run as administrator."
Information	9/24/2024 14:06	Microsoft-Windows-Security-Auditing	4688	Process Creation	"A new process has been created.

Creator Subject:
	Security ID:		SYSTEM
	Account Name:		EC2AMAZ-0TD157D$
	Account Domain:		WORKGROUP
	Logon ID:		0x3E7

Target Subject:
	Security ID:		NULL SID
	Account Name:		-
	Account Domain:		-
	Logon ID:		0x0

Process Information:
	New Process ID:		0xa1c
	New Process Name:	C:\Windows\Microsoft.NET\Framework\v4.0.30319\mscorsvw.exe
	Token Elevation Type:	%%1936
	Mandatory Label:		Mandatory Label\System Mandatory Level
	Creator Process ID:	0x900
	Creator Process Name:	C:\Windows\Microsoft.NET\Framework\v4.0.30319\ngen.exe
	Process Command Line:	C:\Windows\Microsoft.NET\Framework\v4.0.30319\mscorsvw.exe -StartupEvent 420 -InterruptEvent 0 -NGENProcess 638 -Pipe 360 -Comment ""NGen Worker Process""

Token Elevation Type indicates the type of token that was assigned to the new process in accordance with User Account Control policy.

Type 1 is a full token with no privileges removed or groups disabled.  A full token is only used if User Account Control is disabled or if the user is the built-in Administrator account or a service account.

Type 2 is an elevated token with no privileges removed or groups disabled.  An elevated token is used when User Account Control is enabled and the user chooses to start the program using Run as administrator.  An elevated token is also used when an application is configured to always require administrative privilege or to always require maximum privilege, and the user is a member of the Administrators group.

Type 3 is a limited token with administrative privileges removed and administrative groups disabled.  The limited token is used when User Account Control is enabled, the application does not require administrative privilege, and the user does not choose to start the program using Run as administrator."
Information	9/24/2024 14:06	Microsoft-Windows-Security-Auditing	4688	Process Creation	"A new process has been created.

Creator Subject:
	Security ID:		SYSTEM
	Account Name:		EC2AMAZ-0TD157D$
	Account Domain:		WORKGROUP
	Logon ID:		0x3E7

Target Subject:
	Security ID:		NULL SID
	Account Name:		-
	Account Domain:		-
	Logon ID:		0x0

Process Information:
	New Process ID:		0xe2c
	New Process Name:	C:\Windows\Microsoft.NET\Framework\v4.0.30319\mscorsvw.exe
	Token Elevation Type:	%%1936
	Mandatory Label:		Mandatory Label\System Mandatory Level
	Creator Process ID:	0x900
	Creator Process Name:	C:\Windows\Microsoft.NET\Framework\v4.0.30319\ngen.exe
	Process Command Line:	C:\Windows\Microsoft.NET\Framework\v4.0.30319\mscorsvw.exe -StartupEvent 4a4 -InterruptEvent 0 -NGENProcess 478 -Pipe 438 -Comment ""NGen Worker Process""

Token Elevation Type indicates the type of token that was assigned to the new process in accordance with User Account Control policy.

Type 1 is a full token with no privileges removed or groups disabled.  A full token is only used if User Account Control is disabled or if the user is the built-in Administrator account or a service account.

Type 2 is an elevated token with no privileges removed or groups disabled.  An elevated token is used when User Account Control is enabled and the user chooses to start the program using Run as administrator.  An elevated token is also used when an application is configured to always require administrative privilege or to always require maximum privilege, and the user is a member of the Administrators group.

Type 3 is a limited token with administrative privileges removed and administrative groups disabled.  The limited token is used when User Account Control is enabled, the application does not require administrative privilege, and the user does not choose to start the program using Run as administrator."
Information	9/24/2024 14:06	Microsoft-Windows-Security-Auditing	4688	Process Creation	"A new process has been created.

Creator Subject:
	Security ID:		SYSTEM
	Account Name:		EC2AMAZ-0TD157D$
	Account Domain:		WORKGROUP
	Logon ID:		0x3E7

Target Subject:
	Security ID:		NULL SID
	Account Name:		-
	Account Domain:		-
	Logon ID:		0x0

Process Information:
	New Process ID:		0x26c
	New Process Name:	C:\Windows\Microsoft.NET\Framework\v4.0.30319\mscorsvw.exe
	Token Elevation Type:	%%1936
	Mandatory Label:		Mandatory Label\System Mandatory Level
	Creator Process ID:	0x900
	Creator Process Name:	C:\Windows\Microsoft.NET\Framework\v4.0.30319\ngen.exe
	Process Command Line:	C:\Windows\Microsoft.NET\Framework\v4.0.30319\mscorsvw.exe -StartupEvent 444 -InterruptEvent 0 -NGENProcess 220 -Pipe 74c -Comment ""NGen Worker Process""

Token Elevation Type indicates the type of token that was assigned to the new process in accordance with User Account Control policy.

Type 1 is a full token with no privileges removed or groups disabled.  A full token is only used if User Account Control is disabled or if the user is the built-in Administrator account or a service account.

Type 2 is an elevated token with no privileges removed or groups disabled.  An elevated token is used when User Account Control is enabled and the user chooses to start the program using Run as administrator.  An elevated token is also used when an application is configured to always require administrative privilege or to always require maximum privilege, and the user is a member of the Administrators group.

Type 3 is a limited token with administrative privileges removed and administrative groups disabled.  The limited token is used when User Account Control is enabled, the application does not require administrative privilege, and the user does not choose to start the program using Run as administrator."
Information	9/24/2024 14:06	Microsoft-Windows-Security-Auditing	4688	Process Creation	"A new process has been created.

Creator Subject:
	Security ID:		SYSTEM
	Account Name:		EC2AMAZ-0TD157D$
	Account Domain:		WORKGROUP
	Logon ID:		0x3E7

Target Subject:
	Security ID:		NULL SID
	Account Name:		-
	Account Domain:		-
	Logon ID:		0x0

Process Information:
	New Process ID:		0x14d0
	New Process Name:	C:\Windows\Microsoft.NET\Framework\v4.0.30319\mscorsvw.exe
	Token Elevation Type:	%%1936
	Mandatory Label:		Mandatory Label\System Mandatory Level
	Creator Process ID:	0x900
	Creator Process Name:	C:\Windows\Microsoft.NET\Framework\v4.0.30319\ngen.exe
	Process Command Line:	C:\Windows\Microsoft.NET\Framework\v4.0.30319\mscorsvw.exe -StartupEvent 5b8 -InterruptEvent 0 -NGENProcess 26c -Pipe 224 -Comment ""NGen Worker Process""

Token Elevation Type indicates the type of token that was assigned to the new process in accordance with User Account Control policy.

Type 1 is a full token with no privileges removed or groups disabled.  A full token is only used if User Account Control is disabled or if the user is the built-in Administrator account or a service account.

Type 2 is an elevated token with no privileges removed or groups disabled.  An elevated token is used when User Account Control is enabled and the user chooses to start the program using Run as administrator.  An elevated token is also used when an application is configured to always require administrative privilege or to always require maximum privilege, and the user is a member of the Administrators group.

Type 3 is a limited token with administrative privileges removed and administrative groups disabled.  The limited token is used when User Account Control is enabled, the application does not require administrative privilege, and the user does not choose to start the program using Run as administrator."
Information	9/24/2024 14:06	Microsoft-Windows-Security-Auditing	4688	Process Creation	"A new process has been created.

Creator Subject:
	Security ID:		SYSTEM
	Account Name:		EC2AMAZ-0TD157D$
	Account Domain:		WORKGROUP
	Logon ID:		0x3E7

Target Subject:
	Security ID:		NULL SID
	Account Name:		-
	Account Domain:		-
	Logon ID:		0x0

Process Information:
	New Process ID:		0x1208
	New Process Name:	C:\Windows\Microsoft.NET\Framework\v4.0.30319\mscorsvw.exe
	Token Elevation Type:	%%1936
	Mandatory Label:		Mandatory Label\System Mandatory Level
	Creator Process ID:	0x900
	Creator Process Name:	C:\Windows\Microsoft.NET\Framework\v4.0.30319\ngen.exe
	Process Command Line:	C:\Windows\Microsoft.NET\Framework\v4.0.30319\mscorsvw.exe -StartupEvent 608 -InterruptEvent 0 -NGENProcess 648 -Pipe 4a8 -Comment ""NGen Worker Process""

Token Elevation Type indicates the type of token that was assigned to the new process in accordance with User Account Control policy.

Type 1 is a full token with no privileges removed or groups disabled.  A full token is only used if User Account Control is disabled or if the user is the built-in Administrator account or a service account.

Type 2 is an elevated token with no privileges removed or groups disabled.  An elevated token is used when User Account Control is enabled and the user chooses to start the program using Run as administrator.  An elevated token is also used when an application is configured to always require administrative privilege or to always require maximum privilege, and the user is a member of the Administrators group.

Type 3 is a limited token with administrative privileges removed and administrative groups disabled.  The limited token is used when User Account Control is enabled, the application does not require administrative privilege, and the user does not choose to start the program using Run as administrator."
Information	9/24/2024 14:06	Microsoft-Windows-Security-Auditing	4688	Process Creation	"A new process has been created.

Creator Subject:
	Security ID:		SYSTEM
	Account Name:		EC2AMAZ-0TD157D$
	Account Domain:		WORKGROUP
	Logon ID:		0x3E7

Target Subject:
	Security ID:		NULL SID
	Account Name:		-
	Account Domain:		-
	Logon ID:		0x0

Process Information:
	New Process ID:		0x10b8
	New Process Name:	C:\Windows\Microsoft.NET\Framework\v4.0.30319\mscorsvw.exe
	Token Elevation Type:	%%1936
	Mandatory Label:		Mandatory Label\System Mandatory Level
	Creator Process ID:	0x900
	Creator Process Name:	C:\Windows\Microsoft.NET\Framework\v4.0.30319\ngen.exe
	Process Command Line:	C:\Windows\Microsoft.NET\Framework\v4.0.30319\mscorsvw.exe -StartupEvent 594 -InterruptEvent 0 -NGENProcess 5b8 -Pipe 648 -Comment ""NGen Worker Process""

Token Elevation Type indicates the type of token that was assigned to the new process in accordance with User Account Control policy.

Type 1 is a full token with no privileges removed or groups disabled.  A full token is only used if User Account Control is disabled or if the user is the built-in Administrator account or a service account.

Type 2 is an elevated token with no privileges removed or groups disabled.  An elevated token is used when User Account Control is enabled and the user chooses to start the program using Run as administrator.  An elevated token is also used when an application is configured to always require administrative privilege or to always require maximum privilege, and the user is a member of the Administrators group.

Type 3 is a limited token with administrative privileges removed and administrative groups disabled.  The limited token is used when User Account Control is enabled, the application does not require administrative privilege, and the user does not choose to start the program using Run as administrator."
Information	9/24/2024 14:06	Microsoft-Windows-Security-Auditing	4688	Process Creation	"A new process has been created.

Creator Subject:
	Security ID:		SYSTEM
	Account Name:		EC2AMAZ-0TD157D$
	Account Domain:		WORKGROUP
	Logon ID:		0x3E7

Target Subject:
	Security ID:		NULL SID
	Account Name:		-
	Account Domain:		-
	Logon ID:		0x0

Process Information:
	New Process ID:		0x1ae4
	New Process Name:	C:\Windows\Microsoft.NET\Framework\v4.0.30319\mscorsvw.exe
	Token Elevation Type:	%%1936
	Mandatory Label:		Mandatory Label\System Mandatory Level
	Creator Process ID:	0x900
	Creator Process Name:	C:\Windows\Microsoft.NET\Framework\v4.0.30319\ngen.exe
	Process Command Line:	C:\Windows\Microsoft.NET\Framework\v4.0.30319\mscorsvw.exe -StartupEvent 4ac -InterruptEvent 0 -NGENProcess 5fc -Pipe 594 -Comment ""NGen Worker Process""

Token Elevation Type indicates the type of token that was assigned to the new process in accordance with User Account Control policy.

Type 1 is a full token with no privileges removed or groups disabled.  A full token is only used if User Account Control is disabled or if the user is the built-in Administrator account or a service account.

Type 2 is an elevated token with no privileges removed or groups disabled.  An elevated token is used when User Account Control is enabled and the user chooses to start the program using Run as administrator.  An elevated token is also used when an application is configured to always require administrative privilege or to always require maximum privilege, and the user is a member of the Administrators group.

Type 3 is a limited token with administrative privileges removed and administrative groups disabled.  The limited token is used when User Account Control is enabled, the application does not require administrative privilege, and the user does not choose to start the program using Run as administrator."
Information	9/24/2024 14:06	Microsoft-Windows-Security-Auditing	4688	Process Creation	"A new process has been created.

Creator Subject:
	Security ID:		SYSTEM
	Account Name:		EC2AMAZ-0TD157D$
	Account Domain:		WORKGROUP
	Logon ID:		0x3E7

Target Subject:
	Security ID:		NULL SID
	Account Name:		-
	Account Domain:		-
	Logon ID:		0x0

Process Information:
	New Process ID:		0xd14
	New Process Name:	C:\Windows\Microsoft.NET\Framework\v4.0.30319\mscorsvw.exe
	Token Elevation Type:	%%1936
	Mandatory Label:		Mandatory Label\System Mandatory Level
	Creator Process ID:	0x900
	Creator Process Name:	C:\Windows\Microsoft.NET\Framework\v4.0.30319\ngen.exe
	Process Command Line:	C:\Windows\Microsoft.NET\Framework\v4.0.30319\mscorsvw.exe -StartupEvent 26c -InterruptEvent 0 -NGENProcess 5f8 -Pipe 568 -Comment ""NGen Worker Process""

Token Elevation Type indicates the type of token that was assigned to the new process in accordance with User Account Control policy.

Type 1 is a full token with no privileges removed or groups disabled.  A full token is only used if User Account Control is disabled or if the user is the built-in Administrator account or a service account.

Type 2 is an elevated token with no privileges removed or groups disabled.  An elevated token is used when User Account Control is enabled and the user chooses to start the program using Run as administrator.  An elevated token is also used when an application is configured to always require administrative privilege or to always require maximum privilege, and the user is a member of the Administrators group.

Type 3 is a limited token with administrative privileges removed and administrative groups disabled.  The limited token is used when User Account Control is enabled, the application does not require administrative privilege, and the user does not choose to start the program using Run as administrator."
Information	9/24/2024 14:06	Microsoft-Windows-Security-Auditing	4688	Process Creation	"A new process has been created.

Creator Subject:
	Security ID:		SYSTEM
	Account Name:		EC2AMAZ-0TD157D$
	Account Domain:		WORKGROUP
	Logon ID:		0x3E7

Target Subject:
	Security ID:		NULL SID
	Account Name:		-
	Account Domain:		-
	Logon ID:		0x0

Process Information:
	New Process ID:		0x1a60
	New Process Name:	C:\Windows\Microsoft.NET\Framework\v4.0.30319\mscorsvw.exe
	Token Elevation Type:	%%1936
	Mandatory Label:		Mandatory Label\System Mandatory Level
	Creator Process ID:	0x900
	Creator Process Name:	C:\Windows\Microsoft.NET\Framework\v4.0.30319\ngen.exe
	Process Command Line:	C:\Windows\Microsoft.NET\Framework\v4.0.30319\mscorsvw.exe -StartupEvent 26c -InterruptEvent 0 -NGENProcess 594 -Pipe 5cc -Comment ""NGen Worker Process""

Token Elevation Type indicates the type of token that was assigned to the new process in accordance with User Account Control policy.

Type 1 is a full token with no privileges removed or groups disabled.  A full token is only used if User Account Control is disabled or if the user is the built-in Administrator account or a service account.

Type 2 is an elevated token with no privileges removed or groups disabled.  An elevated token is used when User Account Control is enabled and the user chooses to start the program using Run as administrator.  An elevated token is also used when an application is configured to always require administrative privilege or to always require maximum privilege, and the user is a member of the Administrators group.

Type 3 is a limited token with administrative privileges removed and administrative groups disabled.  The limited token is used when User Account Control is enabled, the application does not require administrative privilege, and the user does not choose to start the program using Run as administrator."
Information	9/24/2024 14:06	Microsoft-Windows-Security-Auditing	4688	Process Creation	"A new process has been created.

Creator Subject:
	Security ID:		SYSTEM
	Account Name:		EC2AMAZ-0TD157D$
	Account Domain:		WORKGROUP
	Logon ID:		0x3E7

Target Subject:
	Security ID:		NULL SID
	Account Name:		-
	Account Domain:		-
	Logon ID:		0x0

Process Information:
	New Process ID:		0x1b9c
	New Process Name:	C:\Windows\Microsoft.NET\Framework\v4.0.30319\mscorsvw.exe
	Token Elevation Type:	%%1936
	Mandatory Label:		Mandatory Label\System Mandatory Level
	Creator Process ID:	0x900
	Creator Process Name:	C:\Windows\Microsoft.NET\Framework\v4.0.30319\ngen.exe
	Process Command Line:	C:\Windows\Microsoft.NET\Framework\v4.0.30319\mscorsvw.exe -StartupEvent 468 -InterruptEvent 0 -NGENProcess 4a4 -Pipe 42c -Comment ""NGen Worker Process""

Token Elevation Type indicates the type of token that was assigned to the new process in accordance with User Account Control policy.

Type 1 is a full token with no privileges removed or groups disabled.  A full token is only used if User Account Control is disabled or if the user is the built-in Administrator account or a service account.

Type 2 is an elevated token with no privileges removed or groups disabled.  An elevated token is used when User Account Control is enabled and the user chooses to start the program using Run as administrator.  An elevated token is also used when an application is configured to always require administrative privilege or to always require maximum privilege, and the user is a member of the Administrators group.

Type 3 is a limited token with administrative privileges removed and administrative groups disabled.  The limited token is used when User Account Control is enabled, the application does not require administrative privilege, and the user does not choose to start the program using Run as administrator."
Information	9/24/2024 14:06	Microsoft-Windows-Security-Auditing	4688	Process Creation	"A new process has been created.

Creator Subject:
	Security ID:		SYSTEM
	Account Name:		EC2AMAZ-0TD157D$
	Account Domain:		WORKGROUP
	Logon ID:		0x3E7

Target Subject:
	Security ID:		NULL SID
	Account Name:		-
	Account Domain:		-
	Logon ID:		0x0

Process Information:
	New Process ID:		0x18e4
	New Process Name:	C:\Windows\Microsoft.NET\Framework\v4.0.30319\mscorsvw.exe
	Token Elevation Type:	%%1936
	Mandatory Label:		Mandatory Label\System Mandatory Level
	Creator Process ID:	0x900
	Creator Process Name:	C:\Windows\Microsoft.NET\Framework\v4.0.30319\ngen.exe
	Process Command Line:	C:\Windows\Microsoft.NET\Framework\v4.0.30319\mscorsvw.exe -StartupEvent 478 -InterruptEvent 0 -NGENProcess 424 -Pipe 46c -Comment ""NGen Worker Process""

Token Elevation Type indicates the type of token that was assigned to the new process in accordance with User Account Control policy.

Type 1 is a full token with no privileges removed or groups disabled.  A full token is only used if User Account Control is disabled or if the user is the built-in Administrator account or a service account.

Type 2 is an elevated token with no privileges removed or groups disabled.  An elevated token is used when User Account Control is enabled and the user chooses to start the program using Run as administrator.  An elevated token is also used when an application is configured to always require administrative privilege or to always require maximum privilege, and the user is a member of the Administrators group.

Type 3 is a limited token with administrative privileges removed and administrative groups disabled.  The limited token is used when User Account Control is enabled, the application does not require administrative privilege, and the user does not choose to start the program using Run as administrator."
Information	9/24/2024 14:06	Microsoft-Windows-Security-Auditing	4688	Process Creation	"A new process has been created.

Creator Subject:
	Security ID:		SYSTEM
	Account Name:		EC2AMAZ-0TD157D$
	Account Domain:		WORKGROUP
	Logon ID:		0x3E7

Target Subject:
	Security ID:		NULL SID
	Account Name:		-
	Account Domain:		-
	Logon ID:		0x0

Process Information:
	New Process ID:		0x35c
	New Process Name:	C:\Windows\Microsoft.NET\Framework\v4.0.30319\mscorsvw.exe
	Token Elevation Type:	%%1936
	Mandatory Label:		Mandatory Label\System Mandatory Level
	Creator Process ID:	0x900
	Creator Process Name:	C:\Windows\Microsoft.NET\Framework\v4.0.30319\ngen.exe
	Process Command Line:	C:\Windows\Microsoft.NET\Framework\v4.0.30319\mscorsvw.exe -StartupEvent 468 -InterruptEvent 0 -NGENProcess 424 -Pipe 444 -Comment ""NGen Worker Process""

Token Elevation Type indicates the type of token that was assigned to the new process in accordance with User Account Control policy.

Type 1 is a full token with no privileges removed or groups disabled.  A full token is only used if User Account Control is disabled or if the user is the built-in Administrator account or a service account.

Type 2 is an elevated token with no privileges removed or groups disabled.  An elevated token is used when User Account Control is enabled and the user chooses to start the program using Run as administrator.  An elevated token is also used when an application is configured to always require administrative privilege or to always require maximum privilege, and the user is a member of the Administrators group.

Type 3 is a limited token with administrative privileges removed and administrative groups disabled.  The limited token is used when User Account Control is enabled, the application does not require administrative privilege, and the user does not choose to start the program using Run as administrator."
Information	9/24/2024 14:06	Microsoft-Windows-Security-Auditing	4688	Process Creation	"A new process has been created.

Creator Subject:
	Security ID:		SYSTEM
	Account Name:		EC2AMAZ-0TD157D$
	Account Domain:		WORKGROUP
	Logon ID:		0x3E7

Target Subject:
	Security ID:		NULL SID
	Account Name:		-
	Account Domain:		-
	Logon ID:		0x0

Process Information:
	New Process ID:		0x149c
	New Process Name:	C:\Windows\Microsoft.NET\Framework\v4.0.30319\mscorsvw.exe
	Token Elevation Type:	%%1936
	Mandatory Label:		Mandatory Label\System Mandatory Level
	Creator Process ID:	0x900
	Creator Process Name:	C:\Windows\Microsoft.NET\Framework\v4.0.30319\ngen.exe
	Process Command Line:	C:\Windows\Microsoft.NET\Framework\v4.0.30319\mscorsvw.exe -StartupEvent 424 -InterruptEvent 0 -NGENProcess 3c0 -Pipe 3b8 -Comment ""NGen Worker Process""

Token Elevation Type indicates the type of token that was assigned to the new process in accordance with User Account Control policy.

Type 1 is a full token with no privileges removed or groups disabled.  A full token is only used if User Account Control is disabled or if the user is the built-in Administrator account or a service account.

Type 2 is an elevated token with no privileges removed or groups disabled.  An elevated token is used when User Account Control is enabled and the user chooses to start the program using Run as administrator.  An elevated token is also used when an application is configured to always require administrative privilege or to always require maximum privilege, and the user is a member of the Administrators group.

Type 3 is a limited token with administrative privileges removed and administrative groups disabled.  The limited token is used when User Account Control is enabled, the application does not require administrative privilege, and the user does not choose to start the program using Run as administrator."
Information	9/24/2024 14:06	Microsoft-Windows-Security-Auditing	4688	Process Creation	"A new process has been created.

Creator Subject:
	Security ID:		SYSTEM
	Account Name:		EC2AMAZ-0TD157D$
	Account Domain:		WORKGROUP
	Logon ID:		0x3E7

Target Subject:
	Security ID:		NULL SID
	Account Name:		-
	Account Domain:		-
	Logon ID:		0x0

Process Information:
	New Process ID:		0x1b48
	New Process Name:	C:\Windows\Microsoft.NET\Framework\v4.0.30319\mscorsvw.exe
	Token Elevation Type:	%%1936
	Mandatory Label:		Mandatory Label\System Mandatory Level
	Creator Process ID:	0x900
	Creator Process Name:	C:\Windows\Microsoft.NET\Framework\v4.0.30319\ngen.exe
	Process Command Line:	C:\Windows\Microsoft.NET\Framework\v4.0.30319\mscorsvw.exe -StartupEvent 478 -InterruptEvent 0 -NGENProcess 494 -Pipe 220 -Comment ""NGen Worker Process""

Token Elevation Type indicates the type of token that was assigned to the new process in accordance with User Account Control policy.

Type 1 is a full token with no privileges removed or groups disabled.  A full token is only used if User Account Control is disabled or if the user is the built-in Administrator account or a service account.

Type 2 is an elevated token with no privileges removed or groups disabled.  An elevated token is used when User Account Control is enabled and the user chooses to start the program using Run as administrator.  An elevated token is also used when an application is configured to always require administrative privilege or to always require maximum privilege, and the user is a member of the Administrators group.

Type 3 is a limited token with administrative privileges removed and administrative groups disabled.  The limited token is used when User Account Control is enabled, the application does not require administrative privilege, and the user does not choose to start the program using Run as administrator."
Information	9/24/2024 14:06	Microsoft-Windows-Security-Auditing	4688	Process Creation	"A new process has been created.

Creator Subject:
	Security ID:		SYSTEM
	Account Name:		EC2AMAZ-0TD157D$
	Account Domain:		WORKGROUP
	Logon ID:		0x3E7

Target Subject:
	Security ID:		NULL SID
	Account Name:		-
	Account Domain:		-
	Logon ID:		0x0

Process Information:
	New Process ID:		0x177c
	New Process Name:	C:\Windows\Microsoft.NET\Framework\v4.0.30319\mscorsvw.exe
	Token Elevation Type:	%%1936
	Mandatory Label:		Mandatory Label\System Mandatory Level
	Creator Process ID:	0x900
	Creator Process Name:	C:\Windows\Microsoft.NET\Framework\v4.0.30319\ngen.exe
	Process Command Line:	C:\Windows\Microsoft.NET\Framework\v4.0.30319\mscorsvw.exe -StartupEvent 410 -InterruptEvent 0 -NGENProcess 4a0 -Pipe 4f8 -Comment ""NGen Worker Process""

Token Elevation Type indicates the type of token that was assigned to the new process in accordance with User Account Control policy.

Type 1 is a full token with no privileges removed or groups disabled.  A full token is only used if User Account Control is disabled or if the user is the built-in Administrator account or a service account.

Type 2 is an elevated token with no privileges removed or groups disabled.  An elevated token is used when User Account Control is enabled and the user chooses to start the program using Run as administrator.  An elevated token is also used when an application is configured to always require administrative privilege or to always require maximum privilege, and the user is a member of the Administrators group.

Type 3 is a limited token with administrative privileges removed and administrative groups disabled.  The limited token is used when User Account Control is enabled, the application does not require administrative privilege, and the user does not choose to start the program using Run as administrator."
Information	9/24/2024 14:06	Microsoft-Windows-Security-Auditing	4688	Process Creation	"A new process has been created.

Creator Subject:
	Security ID:		SYSTEM
	Account Name:		EC2AMAZ-0TD157D$
	Account Domain:		WORKGROUP
	Logon ID:		0x3E7

Target Subject:
	Security ID:		NULL SID
	Account Name:		-
	Account Domain:		-
	Logon ID:		0x0

Process Information:
	New Process ID:		0xca0
	New Process Name:	C:\Windows\Microsoft.NET\Framework\v4.0.30319\mscorsvw.exe
	Token Elevation Type:	%%1936
	Mandatory Label:		Mandatory Label\System Mandatory Level
	Creator Process ID:	0x900
	Creator Process Name:	C:\Windows\Microsoft.NET\Framework\v4.0.30319\ngen.exe
	Process Command Line:	C:\Windows\Microsoft.NET\Framework\v4.0.30319\mscorsvw.exe -StartupEvent 4c8 -InterruptEvent 0 -NGENProcess 410 -Pipe 4dc -Comment ""NGen Worker Process""

Token Elevation Type indicates the type of token that was assigned to the new process in accordance with User Account Control policy.

Type 1 is a full token with no privileges removed or groups disabled.  A full token is only used if User Account Control is disabled or if the user is the built-in Administrator account or a service account.

Type 2 is an elevated token with no privileges removed or groups disabled.  An elevated token is used when User Account Control is enabled and the user chooses to start the program using Run as administrator.  An elevated token is also used when an application is configured to always require administrative privilege or to always require maximum privilege, and the user is a member of the Administrators group.

Type 3 is a limited token with administrative privileges removed and administrative groups disabled.  The limited token is used when User Account Control is enabled, the application does not require administrative privilege, and the user does not choose to start the program using Run as administrator."
Information	9/24/2024 14:06	Microsoft-Windows-Security-Auditing	4688	Process Creation	"A new process has been created.

Creator Subject:
	Security ID:		SYSTEM
	Account Name:		EC2AMAZ-0TD157D$
	Account Domain:		WORKGROUP
	Logon ID:		0x3E7

Target Subject:
	Security ID:		NULL SID
	Account Name:		-
	Account Domain:		-
	Logon ID:		0x0

Process Information:
	New Process ID:		0x1118
	New Process Name:	C:\Windows\Microsoft.NET\Framework\v4.0.30319\mscorsvw.exe
	Token Elevation Type:	%%1936
	Mandatory Label:		Mandatory Label\System Mandatory Level
	Creator Process ID:	0x900
	Creator Process Name:	C:\Windows\Microsoft.NET\Framework\v4.0.30319\ngen.exe
	Process Command Line:	C:\Windows\Microsoft.NET\Framework\v4.0.30319\mscorsvw.exe -StartupEvent 410 -InterruptEvent 0 -NGENProcess 4f8 -Pipe 444 -Comment ""NGen Worker Process""

Token Elevation Type indicates the type of token that was assigned to the new process in accordance with User Account Control policy.

Type 1 is a full token with no privileges removed or groups disabled.  A full token is only used if User Account Control is disabled or if the user is the built-in Administrator account or a service account.

Type 2 is an elevated token with no privileges removed or groups disabled.  An elevated token is used when User Account Control is enabled and the user chooses to start the program using Run as administrator.  An elevated token is also used when an application is configured to always require administrative privilege or to always require maximum privilege, and the user is a member of the Administrators group.

Type 3 is a limited token with administrative privileges removed and administrative groups disabled.  The limited token is used when User Account Control is enabled, the application does not require administrative privilege, and the user does not choose to start the program using Run as administrator."
Information	9/24/2024 14:06	Microsoft-Windows-Security-Auditing	4688	Process Creation	"A new process has been created.

Creator Subject:
	Security ID:		SYSTEM
	Account Name:		EC2AMAZ-0TD157D$
	Account Domain:		WORKGROUP
	Logon ID:		0x3E7

Target Subject:
	Security ID:		NULL SID
	Account Name:		-
	Account Domain:		-
	Logon ID:		0x0

Process Information:
	New Process ID:		0x18d8
	New Process Name:	C:\Windows\Microsoft.NET\Framework\v4.0.30319\mscorsvw.exe
	Token Elevation Type:	%%1936
	Mandatory Label:		Mandatory Label\System Mandatory Level
	Creator Process ID:	0x900
	Creator Process Name:	C:\Windows\Microsoft.NET\Framework\v4.0.30319\ngen.exe
	Process Command Line:	C:\Windows\Microsoft.NET\Framework\v4.0.30319\mscorsvw.exe -StartupEvent 67c -InterruptEvent 0 -NGENProcess 678 -Pipe 5e0 -Comment ""NGen Worker Process""

Token Elevation Type indicates the type of token that was assigned to the new process in accordance with User Account Control policy.

Type 1 is a full token with no privileges removed or groups disabled.  A full token is only used if User Account Control is disabled or if the user is the built-in Administrator account or a service account.

Type 2 is an elevated token with no privileges removed or groups disabled.  An elevated token is used when User Account Control is enabled and the user chooses to start the program using Run as administrator.  An elevated token is also used when an application is configured to always require administrative privilege or to always require maximum privilege, and the user is a member of the Administrators group.

Type 3 is a limited token with administrative privileges removed and administrative groups disabled.  The limited token is used when User Account Control is enabled, the application does not require administrative privilege, and the user does not choose to start the program using Run as administrator."
Information	9/24/2024 14:06	Microsoft-Windows-Security-Auditing	4688	Process Creation	"A new process has been created.

Creator Subject:
	Security ID:		SYSTEM
	Account Name:		EC2AMAZ-0TD157D$
	Account Domain:		WORKGROUP
	Logon ID:		0x3E7

Target Subject:
	Security ID:		NULL SID
	Account Name:		-
	Account Domain:		-
	Logon ID:		0x0

Process Information:
	New Process ID:		0x9e4
	New Process Name:	C:\Windows\Microsoft.NET\Framework\v4.0.30319\mscorsvw.exe
	Token Elevation Type:	%%1936
	Mandatory Label:		Mandatory Label\System Mandatory Level
	Creator Process ID:	0x900
	Creator Process Name:	C:\Windows\Microsoft.NET\Framework\v4.0.30319\ngen.exe
	Process Command Line:	C:\Windows\Microsoft.NET\Framework\v4.0.30319\mscorsvw.exe -StartupEvent 5e0 -InterruptEvent 0 -NGENProcess 410 -Pipe 4a0 -Comment ""NGen Worker Process""

Token Elevation Type indicates the type of token that was assigned to the new process in accordance with User Account Control policy.

Type 1 is a full token with no privileges removed or groups disabled.  A full token is only used if User Account Control is disabled or if the user is the built-in Administrator account or a service account.

Type 2 is an elevated token with no privileges removed or groups disabled.  An elevated token is used when User Account Control is enabled and the user chooses to start the program using Run as administrator.  An elevated token is also used when an application is configured to always require administrative privilege or to always require maximum privilege, and the user is a member of the Administrators group.

Type 3 is a limited token with administrative privileges removed and administrative groups disabled.  The limited token is used when User Account Control is enabled, the application does not require administrative privilege, and the user does not choose to start the program using Run as administrator."
Information	9/24/2024 14:06	Microsoft-Windows-Security-Auditing	4688	Process Creation	"A new process has been created.

Creator Subject:
	Security ID:		SYSTEM
	Account Name:		EC2AMAZ-0TD157D$
	Account Domain:		WORKGROUP
	Logon ID:		0x3E7

Target Subject:
	Security ID:		NULL SID
	Account Name:		-
	Account Domain:		-
	Logon ID:		0x0

Process Information:
	New Process ID:		0x108c
	New Process Name:	C:\Windows\Microsoft.NET\Framework\v4.0.30319\mscorsvw.exe
	Token Elevation Type:	%%1936
	Mandatory Label:		Mandatory Label\System Mandatory Level
	Creator Process ID:	0x900
	Creator Process Name:	C:\Windows\Microsoft.NET\Framework\v4.0.30319\ngen.exe
	Process Command Line:	C:\Windows\Microsoft.NET\Framework\v4.0.30319\mscorsvw.exe -StartupEvent 678 -InterruptEvent 0 -NGENProcess 4e4 -Pipe 638 -Comment ""NGen Worker Process""

Token Elevation Type indicates the type of token that was assigned to the new process in accordance with User Account Control policy.

Type 1 is a full token with no privileges removed or groups disabled.  A full token is only used if User Account Control is disabled or if the user is the built-in Administrator account or a service account.

Type 2 is an elevated token with no privileges removed or groups disabled.  An elevated token is used when User Account Control is enabled and the user chooses to start the program using Run as administrator.  An elevated token is also used when an application is configured to always require administrative privilege or to always require maximum privilege, and the user is a member of the Administrators group.

Type 3 is a limited token with administrative privileges removed and administrative groups disabled.  The limited token is used when User Account Control is enabled, the application does not require administrative privilege, and the user does not choose to start the program using Run as administrator."
Information	9/24/2024 14:06	Microsoft-Windows-Security-Auditing	4688	Process Creation	"A new process has been created.

Creator Subject:
	Security ID:		SYSTEM
	Account Name:		EC2AMAZ-0TD157D$
	Account Domain:		WORKGROUP
	Logon ID:		0x3E7

Target Subject:
	Security ID:		NULL SID
	Account Name:		-
	Account Domain:		-
	Logon ID:		0x0

Process Information:
	New Process ID:		0x14a4
	New Process Name:	C:\Windows\Microsoft.NET\Framework\v4.0.30319\mscorsvw.exe
	Token Elevation Type:	%%1936
	Mandatory Label:		Mandatory Label\System Mandatory Level
	Creator Process ID:	0x900
	Creator Process Name:	C:\Windows\Microsoft.NET\Framework\v4.0.30319\ngen.exe
	Process Command Line:	C:\Windows\Microsoft.NET\Framework\v4.0.30319\mscorsvw.exe -StartupEvent 500 -InterruptEvent 0 -NGENProcess 678 -Pipe 494 -Comment ""NGen Worker Process""

Token Elevation Type indicates the type of token that was assigned to the new process in accordance with User Account Control policy.

Type 1 is a full token with no privileges removed or groups disabled.  A full token is only used if User Account Control is disabled or if the user is the built-in Administrator account or a service account.

Type 2 is an elevated token with no privileges removed or groups disabled.  An elevated token is used when User Account Control is enabled and the user chooses to start the program using Run as administrator.  An elevated token is also used when an application is configured to always require administrative privilege or to always require maximum privilege, and the user is a member of the Administrators group.

Type 3 is a limited token with administrative privileges removed and administrative groups disabled.  The limited token is used when User Account Control is enabled, the application does not require administrative privilege, and the user does not choose to start the program using Run as administrator."
Information	9/24/2024 14:06	Microsoft-Windows-Security-Auditing	4688	Process Creation	"A new process has been created.

Creator Subject:
	Security ID:		SYSTEM
	Account Name:		EC2AMAZ-0TD157D$
	Account Domain:		WORKGROUP
	Logon ID:		0x3E7

Target Subject:
	Security ID:		NULL SID
	Account Name:		-
	Account Domain:		-
	Logon ID:		0x0

Process Information:
	New Process ID:		0x1970
	New Process Name:	C:\Windows\Microsoft.NET\Framework\v4.0.30319\mscorsvw.exe
	Token Elevation Type:	%%1936
	Mandatory Label:		Mandatory Label\System Mandatory Level
	Creator Process ID:	0x900
	Creator Process Name:	C:\Windows\Microsoft.NET\Framework\v4.0.30319\ngen.exe
	Process Command Line:	C:\Windows\Microsoft.NET\Framework\v4.0.30319\mscorsvw.exe -StartupEvent 674 -InterruptEvent 0 -NGENProcess 4f4 -Pipe 500 -Comment ""NGen Worker Process""

Token Elevation Type indicates the type of token that was assigned to the new process in accordance with User Account Control policy.

Type 1 is a full token with no privileges removed or groups disabled.  A full token is only used if User Account Control is disabled or if the user is the built-in Administrator account or a service account.

Type 2 is an elevated token with no privileges removed or groups disabled.  An elevated token is used when User Account Control is enabled and the user chooses to start the program using Run as administrator.  An elevated token is also used when an application is configured to always require administrative privilege or to always require maximum privilege, and the user is a member of the Administrators group.

Type 3 is a limited token with administrative privileges removed and administrative groups disabled.  The limited token is used when User Account Control is enabled, the application does not require administrative privilege, and the user does not choose to start the program using Run as administrator."
Information	9/24/2024 14:06	Microsoft-Windows-Security-Auditing	4688	Process Creation	"A new process has been created.

Creator Subject:
	Security ID:		SYSTEM
	Account Name:		EC2AMAZ-0TD157D$
	Account Domain:		WORKGROUP
	Logon ID:		0x3E7

Target Subject:
	Security ID:		NULL SID
	Account Name:		-
	Account Domain:		-
	Logon ID:		0x0

Process Information:
	New Process ID:		0xae8
	New Process Name:	C:\Windows\Microsoft.NET\Framework\v4.0.30319\mscorsvw.exe
	Token Elevation Type:	%%1936
	Mandatory Label:		Mandatory Label\System Mandatory Level
	Creator Process ID:	0x900
	Creator Process Name:	C:\Windows\Microsoft.NET\Framework\v4.0.30319\ngen.exe
	Process Command Line:	C:\Windows\Microsoft.NET\Framework\v4.0.30319\mscorsvw.exe -StartupEvent 674 -InterruptEvent 0 -NGENProcess 5f8 -Pipe 40c -Comment ""NGen Worker Process""

Token Elevation Type indicates the type of token that was assigned to the new process in accordance with User Account Control policy.

Type 1 is a full token with no privileges removed or groups disabled.  A full token is only used if User Account Control is disabled or if the user is the built-in Administrator account or a service account.

Type 2 is an elevated token with no privileges removed or groups disabled.  An elevated token is used when User Account Control is enabled and the user chooses to start the program using Run as administrator.  An elevated token is also used when an application is configured to always require administrative privilege or to always require maximum privilege, and the user is a member of the Administrators group.

Type 3 is a limited token with administrative privileges removed and administrative groups disabled.  The limited token is used when User Account Control is enabled, the application does not require administrative privilege, and the user does not choose to start the program using Run as administrator."
Information	9/24/2024 14:06	Microsoft-Windows-Security-Auditing	4688	Process Creation	"A new process has been created.

Creator Subject:
	Security ID:		SYSTEM
	Account Name:		EC2AMAZ-0TD157D$
	Account Domain:		WORKGROUP
	Logon ID:		0x3E7

Target Subject:
	Security ID:		NULL SID
	Account Name:		-
	Account Domain:		-
	Logon ID:		0x0

Process Information:
	New Process ID:		0x1a38
	New Process Name:	C:\Windows\Microsoft.NET\Framework\v4.0.30319\mscorsvw.exe
	Token Elevation Type:	%%1936
	Mandatory Label:		Mandatory Label\System Mandatory Level
	Creator Process ID:	0x900
	Creator Process Name:	C:\Windows\Microsoft.NET\Framework\v4.0.30319\ngen.exe
	Process Command Line:	C:\Windows\Microsoft.NET\Framework\v4.0.30319\mscorsvw.exe -StartupEvent 5e0 -InterruptEvent 0 -NGENProcess 4f4 -Pipe 420 -Comment ""NGen Worker Process""

Token Elevation Type indicates the type of token that was assigned to the new process in accordance with User Account Control policy.

Type 1 is a full token with no privileges removed or groups disabled.  A full token is only used if User Account Control is disabled or if the user is the built-in Administrator account or a service account.

Type 2 is an elevated token with no privileges removed or groups disabled.  An elevated token is used when User Account Control is enabled and the user chooses to start the program using Run as administrator.  An elevated token is also used when an application is configured to always require administrative privilege or to always require maximum privilege, and the user is a member of the Administrators group.

Type 3 is a limited token with administrative privileges removed and administrative groups disabled.  The limited token is used when User Account Control is enabled, the application does not require administrative privilege, and the user does not choose to start the program using Run as administrator."
Information	9/24/2024 14:06	Microsoft-Windows-Security-Auditing	4688	Process Creation	"The description for Event ID 4688 from source Microsoft-Windows-Security-Auditing cannot be found. Either the component that raises this event is not installed on your local computer or the installation is corrupted. You can install or repair the component on the local computer.

If the event originated on another computer, the display information had to be saved with the event.

The following information was included with the event: 

EV_RenderedValue_0.00
EC2AMAZ-0TD157D$
WORKGROUP
999
2388
C:\Windows\Microsoft.NET\Framework\v4.0.30319\mscorsvw.exe
%%1936
2304
C:\Windows\Microsoft.NET\Framework\v4.0.30319\mscorsvw.exe -StartupEvent 460 -InterruptEvent 0 -NGENProcess 38c -Pipe 4ec -Comment ""NGen Worker Process""
EV_RenderedValue_9.00
-
-
0
C:\Windows\Microsoft.NET\Framework\v4.0.30319\ngen.exe
EV_RenderedValue_14.00

The handle is invalid
"
